2025-05-05 20:37:41,088 [Worker-2: Loading available Gradle versions] INFO  o.e.b.c.i.u.g.PublishedGradleVersions - Gradle version information cache is not available. Remote download required.
2025-05-05 20:38:59,856 [ModalContext] INFO  o.e.m.c.i.e.AbstractTransferListenerAdapter - Downloading https://repo.maven.apache.org/maven2/org/apache/maven/archetypes/maven-archetype-quickstart/1.5/maven-archetype-quickstart-1.5.pom
2025-05-05 20:38:59,896 [ModalContext] INFO  o.e.m.c.i.e.AbstractTransferListenerAdapter - Downloaded https://repo.maven.apache.org/maven2/org/apache/maven/archetypes/maven-archetype-quickstart/1.5/maven-archetype-quickstart-1.5.pom
2025-05-05 20:39:00,187 [ModalContext] INFO  o.e.m.c.i.e.AbstractTransferListenerAdapter - Downloading https://repo.maven.apache.org/maven2/org/apache/maven/archetypes/maven-archetype-bundles/1.5/maven-archetype-bundles-1.5.pom
2025-05-05 20:39:00,207 [ModalContext] INFO  o.e.m.c.i.e.AbstractTransferListenerAdapter - Downloaded https://repo.maven.apache.org/maven2/org/apache/maven/archetypes/maven-archetype-bundles/1.5/maven-archetype-bundles-1.5.pom
2025-05-05 20:39:00,525 [ModalContext] INFO  o.e.m.c.i.e.AbstractTransferListenerAdapter - Downloading https://repo.maven.apache.org/maven2/org/apache/maven/archetypes/maven-archetype-quickstart/1.5/maven-archetype-quickstart-1.5.jar
2025-05-05 20:39:00,772 [ModalContext] INFO  o.e.m.c.i.e.AbstractTransferListenerAdapter - Downloaded https://repo.maven.apache.org/maven2/org/apache/maven/archetypes/maven-archetype-quickstart/1.5/maven-archetype-quickstart-1.5.jar
2025-05-05 20:39:39,212 [Worker-40: Launching mavenrun-2a2dbcbd-cbd1-4553-98bf-03de0ee92583] INFO  o.eclipse.m2e.core.internal.Bundles - getClasspathEntries(Bundle=org.eclipse.m2e.maven.runtime_3.9.900.20240824-1409 [638])
2025-05-05 20:39:39,214 [Worker-40: Launching mavenrun-2a2dbcbd-cbd1-4553-98bf-03de0ee92583] INFO  o.eclipse.m2e.core.internal.Bundles - 	Entry: C:\Users\ramisant\.p2\pool\plugins\org.eclipse.m2e.maven.runtime_3.9.900.20240824-1409
2025-05-05 20:39:39,214 [Worker-40: Launching mavenrun-2a2dbcbd-cbd1-4553-98bf-03de0ee92583] INFO  o.eclipse.m2e.core.internal.Bundles - 	Entry: C:\Users\ramisant\.p2\pool\plugins\org.eclipse.m2e.maven.runtime_3.9.900.20240824-1409\jars\aopalliance-1.0.jar
2025-05-05 20:39:39,214 [Worker-40: Launching mavenrun-2a2dbcbd-cbd1-4553-98bf-03de0ee92583] INFO  o.eclipse.m2e.core.internal.Bundles - 	Entry: C:\Users\ramisant\.p2\pool\plugins\org.eclipse.m2e.maven.runtime_3.9.900.20240824-1409\jars\guice-5.1.0.jar
2025-05-05 20:39:39,214 [Worker-40: Launching mavenrun-2a2dbcbd-cbd1-4553-98bf-03de0ee92583] INFO  o.eclipse.m2e.core.internal.Bundles - 	Entry: C:\Users\ramisant\.p2\pool\plugins\org.eclipse.m2e.maven.runtime_3.9.900.20240824-1409\jars\httpclient-4.5.14.jar
2025-05-05 20:39:39,214 [Worker-40: Launching mavenrun-2a2dbcbd-cbd1-4553-98bf-03de0ee92583] INFO  o.eclipse.m2e.core.internal.Bundles - 	Entry: C:\Users\ramisant\.p2\pool\plugins\org.eclipse.m2e.maven.runtime_3.9.900.20240824-1409\jars\httpcore-4.4.16.jar
2025-05-05 20:39:39,215 [Worker-40: Launching mavenrun-2a2dbcbd-cbd1-4553-98bf-03de0ee92583] INFO  o.eclipse.m2e.core.internal.Bundles - 	Entry: C:\Users\ramisant\.p2\pool\plugins\org.eclipse.m2e.maven.runtime_3.9.900.20240824-1409\jars\jansi-2.4.1.jar
2025-05-05 20:39:39,215 [Worker-40: Launching mavenrun-2a2dbcbd-cbd1-4553-98bf-03de0ee92583] INFO  o.eclipse.m2e.core.internal.Bundles - 	Entry: C:\Users\ramisant\.p2\pool\plugins\org.eclipse.m2e.maven.runtime_3.9.900.20240824-1409\jars\jcl-over-slf4j-1.7.36.jar
2025-05-05 20:39:39,215 [Worker-40: Launching mavenrun-2a2dbcbd-cbd1-4553-98bf-03de0ee92583] INFO  o.eclipse.m2e.core.internal.Bundles - 	Entry: C:\Users\ramisant\.p2\pool\plugins\org.eclipse.m2e.maven.runtime_3.9.900.20240824-1409\jars\maven-artifact-3.9.9.jar
2025-05-05 20:39:39,216 [Worker-40: Launching mavenrun-2a2dbcbd-cbd1-4553-98bf-03de0ee92583] INFO  o.eclipse.m2e.core.internal.Bundles - 	Entry: C:\Users\ramisant\.p2\pool\plugins\org.eclipse.m2e.maven.runtime_3.9.900.20240824-1409\jars\maven-builder-support-3.9.9.jar
2025-05-05 20:39:39,216 [Worker-40: Launching mavenrun-2a2dbcbd-cbd1-4553-98bf-03de0ee92583] INFO  o.eclipse.m2e.core.internal.Bundles - 	Entry: C:\Users\ramisant\.p2\pool\plugins\org.eclipse.m2e.maven.runtime_3.9.900.20240824-1409\jars\maven-compat-3.9.9.jar
2025-05-05 20:39:39,216 [Worker-40: Launching mavenrun-2a2dbcbd-cbd1-4553-98bf-03de0ee92583] INFO  o.eclipse.m2e.core.internal.Bundles - 	Entry: C:\Users\ramisant\.p2\pool\plugins\org.eclipse.m2e.maven.runtime_3.9.900.20240824-1409\jars\maven-core-3.9.9.jar
2025-05-05 20:39:39,216 [Worker-40: Launching mavenrun-2a2dbcbd-cbd1-4553-98bf-03de0ee92583] INFO  o.eclipse.m2e.core.internal.Bundles - 	Entry: C:\Users\ramisant\.p2\pool\plugins\org.eclipse.m2e.maven.runtime_3.9.900.20240824-1409\jars\maven-embedder-3.9.9.jar
2025-05-05 20:39:39,216 [Worker-40: Launching mavenrun-2a2dbcbd-cbd1-4553-98bf-03de0ee92583] INFO  o.eclipse.m2e.core.internal.Bundles - 	Entry: C:\Users\ramisant\.p2\pool\plugins\org.eclipse.m2e.maven.runtime_3.9.900.20240824-1409\jars\maven-model-3.9.9.jar
2025-05-05 20:39:39,217 [Worker-40: Launching mavenrun-2a2dbcbd-cbd1-4553-98bf-03de0ee92583] INFO  o.eclipse.m2e.core.internal.Bundles - 	Entry: C:\Users\ramisant\.p2\pool\plugins\org.eclipse.m2e.maven.runtime_3.9.900.20240824-1409\jars\maven-model-builder-3.9.9.jar
2025-05-05 20:39:39,217 [Worker-40: Launching mavenrun-2a2dbcbd-cbd1-4553-98bf-03de0ee92583] INFO  o.eclipse.m2e.core.internal.Bundles - 	Entry: C:\Users\ramisant\.p2\pool\plugins\org.eclipse.m2e.maven.runtime_3.9.900.20240824-1409\jars\maven-plugin-api-3.9.9.jar
2025-05-05 20:39:39,217 [Worker-40: Launching mavenrun-2a2dbcbd-cbd1-4553-98bf-03de0ee92583] INFO  o.eclipse.m2e.core.internal.Bundles - 	Entry: C:\Users\ramisant\.p2\pool\plugins\org.eclipse.m2e.maven.runtime_3.9.900.20240824-1409\jars\maven-repository-metadata-3.9.9.jar
2025-05-05 20:39:39,217 [Worker-40: Launching mavenrun-2a2dbcbd-cbd1-4553-98bf-03de0ee92583] INFO  o.eclipse.m2e.core.internal.Bundles - 	Entry: C:\Users\ramisant\.p2\pool\plugins\org.eclipse.m2e.maven.runtime_3.9.900.20240824-1409\jars\maven-resolver-api-1.9.22.jar
2025-05-05 20:39:39,217 [Worker-40: Launching mavenrun-2a2dbcbd-cbd1-4553-98bf-03de0ee92583] INFO  o.eclipse.m2e.core.internal.Bundles - 	Entry: C:\Users\ramisant\.p2\pool\plugins\org.eclipse.m2e.maven.runtime_3.9.900.20240824-1409\jars\maven-resolver-connector-basic-1.9.22.jar
2025-05-05 20:39:39,217 [Worker-40: Launching mavenrun-2a2dbcbd-cbd1-4553-98bf-03de0ee92583] INFO  o.eclipse.m2e.core.internal.Bundles - 	Entry: C:\Users\ramisant\.p2\pool\plugins\org.eclipse.m2e.maven.runtime_3.9.900.20240824-1409\jars\maven-resolver-impl-1.9.22.jar
2025-05-05 20:39:39,217 [Worker-40: Launching mavenrun-2a2dbcbd-cbd1-4553-98bf-03de0ee92583] INFO  o.eclipse.m2e.core.internal.Bundles - 	Entry: C:\Users\ramisant\.p2\pool\plugins\org.eclipse.m2e.maven.runtime_3.9.900.20240824-1409\jars\maven-resolver-named-locks-1.9.22.jar
2025-05-05 20:39:39,217 [Worker-40: Launching mavenrun-2a2dbcbd-cbd1-4553-98bf-03de0ee92583] INFO  o.eclipse.m2e.core.internal.Bundles - 	Entry: C:\Users\ramisant\.p2\pool\plugins\org.eclipse.m2e.maven.runtime_3.9.900.20240824-1409\jars\maven-resolver-provider-3.9.9.jar
2025-05-05 20:39:39,218 [Worker-40: Launching mavenrun-2a2dbcbd-cbd1-4553-98bf-03de0ee92583] INFO  o.eclipse.m2e.core.internal.Bundles - 	Entry: C:\Users\ramisant\.p2\pool\plugins\org.eclipse.m2e.maven.runtime_3.9.900.20240824-1409\jars\maven-resolver-spi-1.9.22.jar
2025-05-05 20:39:39,218 [Worker-40: Launching mavenrun-2a2dbcbd-cbd1-4553-98bf-03de0ee92583] INFO  o.eclipse.m2e.core.internal.Bundles - 	Entry: C:\Users\ramisant\.p2\pool\plugins\org.eclipse.m2e.maven.runtime_3.9.900.20240824-1409\jars\maven-resolver-transport-file-1.9.22.jar
2025-05-05 20:39:39,218 [Worker-40: Launching mavenrun-2a2dbcbd-cbd1-4553-98bf-03de0ee92583] INFO  o.eclipse.m2e.core.internal.Bundles - 	Entry: C:\Users\ramisant\.p2\pool\plugins\org.eclipse.m2e.maven.runtime_3.9.900.20240824-1409\jars\maven-resolver-transport-http-1.9.22.jar
2025-05-05 20:39:39,218 [Worker-40: Launching mavenrun-2a2dbcbd-cbd1-4553-98bf-03de0ee92583] INFO  o.eclipse.m2e.core.internal.Bundles - 	Entry: C:\Users\ramisant\.p2\pool\plugins\org.eclipse.m2e.maven.runtime_3.9.900.20240824-1409\jars\maven-resolver-transport-wagon-1.9.22.jar
2025-05-05 20:39:39,218 [Worker-40: Launching mavenrun-2a2dbcbd-cbd1-4553-98bf-03de0ee92583] INFO  o.eclipse.m2e.core.internal.Bundles - 	Entry: C:\Users\ramisant\.p2\pool\plugins\org.eclipse.m2e.maven.runtime_3.9.900.20240824-1409\jars\maven-resolver-util-1.9.22.jar
2025-05-05 20:39:39,218 [Worker-40: Launching mavenrun-2a2dbcbd-cbd1-4553-98bf-03de0ee92583] INFO  o.eclipse.m2e.core.internal.Bundles - 	Entry: C:\Users\ramisant\.p2\pool\plugins\org.eclipse.m2e.maven.runtime_3.9.900.20240824-1409\jars\maven-settings-3.9.9.jar
2025-05-05 20:39:39,218 [Worker-40: Launching mavenrun-2a2dbcbd-cbd1-4553-98bf-03de0ee92583] INFO  o.eclipse.m2e.core.internal.Bundles - 	Entry: C:\Users\ramisant\.p2\pool\plugins\org.eclipse.m2e.maven.runtime_3.9.900.20240824-1409\jars\maven-settings-builder-3.9.9.jar
2025-05-05 20:39:39,218 [Worker-40: Launching mavenrun-2a2dbcbd-cbd1-4553-98bf-03de0ee92583] INFO  o.eclipse.m2e.core.internal.Bundles - 	Entry: C:\Users\ramisant\.p2\pool\plugins\org.eclipse.m2e.maven.runtime_3.9.900.20240824-1409\jars\maven-shared-utils-3.4.2.jar
2025-05-05 20:39:39,219 [Worker-40: Launching mavenrun-2a2dbcbd-cbd1-4553-98bf-03de0ee92583] INFO  o.eclipse.m2e.core.internal.Bundles - 	Entry: C:\Users\ramisant\.p2\pool\plugins\org.eclipse.m2e.maven.runtime_3.9.900.20240824-1409\jars\org.eclipse.sisu.inject-0.9.0.M3.jar
2025-05-05 20:39:39,219 [Worker-40: Launching mavenrun-2a2dbcbd-cbd1-4553-98bf-03de0ee92583] INFO  o.eclipse.m2e.core.internal.Bundles - 	Entry: C:\Users\ramisant\.p2\pool\plugins\org.eclipse.m2e.maven.runtime_3.9.900.20240824-1409\jars\org.eclipse.sisu.plexus-0.9.0.M3.jar
2025-05-05 20:39:39,219 [Worker-40: Launching mavenrun-2a2dbcbd-cbd1-4553-98bf-03de0ee92583] INFO  o.eclipse.m2e.core.internal.Bundles - 	Entry: C:\Users\ramisant\.p2\pool\plugins\org.eclipse.m2e.maven.runtime_3.9.900.20240824-1409\jars\plexus-build-api-0.0.7.jar
2025-05-05 20:39:39,219 [Worker-40: Launching mavenrun-2a2dbcbd-cbd1-4553-98bf-03de0ee92583] INFO  o.eclipse.m2e.core.internal.Bundles - 	Entry: C:\Users\ramisant\.p2\pool\plugins\org.eclipse.m2e.maven.runtime_3.9.900.20240824-1409\jars\plexus-build-api-1.2.0.jar
2025-05-05 20:39:39,219 [Worker-40: Launching mavenrun-2a2dbcbd-cbd1-4553-98bf-03de0ee92583] INFO  o.eclipse.m2e.core.internal.Bundles - 	Entry: C:\Users\ramisant\.p2\pool\plugins\org.eclipse.m2e.maven.runtime_3.9.900.20240824-1409\jars\plexus-cipher-2.0.jar
2025-05-05 20:39:39,219 [Worker-40: Launching mavenrun-2a2dbcbd-cbd1-4553-98bf-03de0ee92583] INFO  o.eclipse.m2e.core.internal.Bundles - 	Entry: C:\Users\ramisant\.p2\pool\plugins\org.eclipse.m2e.maven.runtime_3.9.900.20240824-1409\jars\plexus-classworlds-2.8.0.jar
2025-05-05 20:39:39,219 [Worker-40: Launching mavenrun-2a2dbcbd-cbd1-4553-98bf-03de0ee92583] INFO  o.eclipse.m2e.core.internal.Bundles - 	Entry: C:\Users\ramisant\.p2\pool\plugins\org.eclipse.m2e.maven.runtime_3.9.900.20240824-1409\jars\plexus-component-annotations-2.1.0.jar
2025-05-05 20:39:39,219 [Worker-40: Launching mavenrun-2a2dbcbd-cbd1-4553-98bf-03de0ee92583] INFO  o.eclipse.m2e.core.internal.Bundles - 	Entry: C:\Users\ramisant\.p2\pool\plugins\org.eclipse.m2e.maven.runtime_3.9.900.20240824-1409\jars\plexus-interpolation-1.27.jar
2025-05-05 20:39:39,219 [Worker-40: Launching mavenrun-2a2dbcbd-cbd1-4553-98bf-03de0ee92583] INFO  o.eclipse.m2e.core.internal.Bundles - 	Entry: C:\Users\ramisant\.p2\pool\plugins\org.eclipse.m2e.maven.runtime_3.9.900.20240824-1409\jars\plexus-sec-dispatcher-2.0.jar
2025-05-05 20:39:39,220 [Worker-40: Launching mavenrun-2a2dbcbd-cbd1-4553-98bf-03de0ee92583] INFO  o.eclipse.m2e.core.internal.Bundles - 	Entry: C:\Users\ramisant\.p2\pool\plugins\org.eclipse.m2e.maven.runtime_3.9.900.20240824-1409\jars\plexus-utils-3.5.1.jar
2025-05-05 20:39:39,220 [Worker-40: Launching mavenrun-2a2dbcbd-cbd1-4553-98bf-03de0ee92583] INFO  o.eclipse.m2e.core.internal.Bundles - 	Entry: C:\Users\ramisant\.p2\pool\plugins\org.eclipse.m2e.maven.runtime_3.9.900.20240824-1409\jars\plexus-xml-3.0.1.jar
2025-05-05 20:39:39,220 [Worker-40: Launching mavenrun-2a2dbcbd-cbd1-4553-98bf-03de0ee92583] INFO  o.eclipse.m2e.core.internal.Bundles - 	Entry: C:\Users\ramisant\.p2\pool\plugins\org.eclipse.m2e.maven.runtime_3.9.900.20240824-1409\jars\wagon-file-3.5.3.jar
2025-05-05 20:39:39,220 [Worker-40: Launching mavenrun-2a2dbcbd-cbd1-4553-98bf-03de0ee92583] INFO  o.eclipse.m2e.core.internal.Bundles - 	Entry: C:\Users\ramisant\.p2\pool\plugins\org.eclipse.m2e.maven.runtime_3.9.900.20240824-1409\jars\wagon-http-3.5.3.jar
2025-05-05 20:39:39,220 [Worker-40: Launching mavenrun-2a2dbcbd-cbd1-4553-98bf-03de0ee92583] INFO  o.eclipse.m2e.core.internal.Bundles - 	Entry: C:\Users\ramisant\.p2\pool\plugins\org.eclipse.m2e.maven.runtime_3.9.900.20240824-1409\jars\wagon-http-shared-3.5.3.jar
2025-05-05 20:39:39,220 [Worker-40: Launching mavenrun-2a2dbcbd-cbd1-4553-98bf-03de0ee92583] INFO  o.eclipse.m2e.core.internal.Bundles - 	Entry: C:\Users\ramisant\.p2\pool\plugins\org.eclipse.m2e.maven.runtime_3.9.900.20240824-1409\jars\wagon-provider-api-3.5.3.jar
2025-05-05 20:39:39,222 [Worker-40: Launching mavenrun-2a2dbcbd-cbd1-4553-98bf-03de0ee92583] INFO  o.eclipse.m2e.core.internal.Bundles - getClasspathEntries(Bundle=com.google.guava_33.3.1.jre [16])
2025-05-05 20:39:39,222 [Worker-40: Launching mavenrun-2a2dbcbd-cbd1-4553-98bf-03de0ee92583] INFO  o.eclipse.m2e.core.internal.Bundles - 	Entry: C:\Users\ramisant\.p2\pool\plugins\com.google.guava_33.3.1.jre.jar
2025-05-05 20:39:39,222 [Worker-40: Launching mavenrun-2a2dbcbd-cbd1-4553-98bf-03de0ee92583] INFO  o.eclipse.m2e.core.internal.Bundles - getClasspathEntries(Bundle=slf4j.api_2.0.16 [1005])
2025-05-05 20:39:39,222 [Worker-40: Launching mavenrun-2a2dbcbd-cbd1-4553-98bf-03de0ee92583] INFO  o.eclipse.m2e.core.internal.Bundles - 	Entry: C:\Users\ramisant\.p2\pool\plugins\slf4j.api_2.0.16.jar
2025-05-05 20:39:39,222 [Worker-40: Launching mavenrun-2a2dbcbd-cbd1-4553-98bf-03de0ee92583] INFO  o.eclipse.m2e.core.internal.Bundles - getClasspathEntries(Bundle=jakarta.inject.jakarta.inject-api_1.0.5 [34])
2025-05-05 20:39:39,224 [Worker-40: Launching mavenrun-2a2dbcbd-cbd1-4553-98bf-03de0ee92583] INFO  o.eclipse.m2e.core.internal.Bundles - 	Entry: C:\Users\ramisant\.p2\pool\plugins\jakarta.inject.jakarta.inject-api_1.0.5.jar
2025-05-05 20:39:39,224 [Worker-40: Launching mavenrun-2a2dbcbd-cbd1-4553-98bf-03de0ee92583] INFO  o.eclipse.m2e.core.internal.Bundles - getClasspathEntries(Bundle=jakarta.annotation-api_1.3.5 [29])
2025-05-05 20:39:39,224 [Worker-40: Launching mavenrun-2a2dbcbd-cbd1-4553-98bf-03de0ee92583] INFO  o.eclipse.m2e.core.internal.Bundles - 	Entry: C:\Users\ramisant\.p2\pool\plugins\jakarta.annotation-api_1.3.5.jar
2025-05-05 20:39:39,224 [Worker-40: Launching mavenrun-2a2dbcbd-cbd1-4553-98bf-03de0ee92583] INFO  o.eclipse.m2e.core.internal.Bundles - getClasspathEntries(Bundle=org.apache.commons.cli_1.9.0 [75])
2025-05-05 20:39:39,224 [Worker-40: Launching mavenrun-2a2dbcbd-cbd1-4553-98bf-03de0ee92583] INFO  o.eclipse.m2e.core.internal.Bundles - 	Entry: C:\Users\ramisant\.p2\pool\plugins\org.apache.commons.cli_1.9.0.jar
2025-05-05 20:39:39,224 [Worker-40: Launching mavenrun-2a2dbcbd-cbd1-4553-98bf-03de0ee92583] INFO  o.eclipse.m2e.core.internal.Bundles - getClasspathEntries(Bundle=org.apache.commons.commons-codec_1.16.0 [78])
2025-05-05 20:39:39,225 [Worker-40: Launching mavenrun-2a2dbcbd-cbd1-4553-98bf-03de0ee92583] INFO  o.eclipse.m2e.core.internal.Bundles - 	Entry: C:\Users\ramisant\.p2\pool\plugins\org.apache.commons.commons-codec_1.16.0.jar
2025-05-05 20:39:39,225 [Worker-40: Launching mavenrun-2a2dbcbd-cbd1-4553-98bf-03de0ee92583] INFO  o.eclipse.m2e.core.internal.Bundles - getClasspathEntries(Bundle=com.google.guava.failureaccess_1.0.2 [17])
2025-05-05 20:39:39,226 [Worker-40: Launching mavenrun-2a2dbcbd-cbd1-4553-98bf-03de0ee92583] INFO  o.eclipse.m2e.core.internal.Bundles - 	Entry: C:\Users\ramisant\.p2\pool\plugins\com.google.guava.failureaccess_1.0.2.jar
2025-05-05 20:39:39,232 [Worker-40: Launching mavenrun-2a2dbcbd-cbd1-4553-98bf-03de0ee92583] INFO  o.e.m.i.launch.MavenLaunchDelegate - Run build in "C:\Users\ramisant\AppData\Local\Temp\m2e-archetypeGenerator530234906860535610":
2025-05-05 20:39:39,235 [Worker-40: Launching mavenrun-2a2dbcbd-cbd1-4553-98bf-03de0ee92583] INFO  o.e.m.i.launch.MavenLaunchDelegate -  mvn  -DjavaCompilerVersion=17 -DjunitVersion=5.11.0 -DarchetypeGroupId=org.apache.maven.archetypes -DarchetypeArtifactId=maven-archetype-quickstart -DarchetypeVersion=1.5 -DgroupId=com.oracle.training.dayone -DartifactId=TDDWorkshop -Dversion=0.0.1-SNAPSHOT -Dpackage=com.oracle.training.dayone -DoutputDirectory=C:\Training\CNCF_Training\junit_labs -B -Dstyle.color=always -U archetype:generate
2025-05-05 20:39:53,391 [Worker-8: Creating maven-archetype-quickstart] INFO  o.e.m.c.i.p.ProjectConfigurationManager - Collecting project info '/pom.xml' C:\Training\CNCF_Training\junit_labs\TDDWorkshop\pom.xml
2025-05-05 20:39:54,789 [Worker-8: Creating maven-archetype-quickstart] INFO  o.e.m.c.i.e.AbstractTransferListenerAdapter - Downloading https://repo.maven.apache.org/maven2/org/apache/maven/plugins/maven-surefire-plugin/3.3.0/maven-surefire-plugin-3.3.0.jar
2025-05-05 20:39:55,274 [Worker-8: Creating maven-archetype-quickstart] INFO  o.e.m.c.i.e.AbstractTransferListenerAdapter - Downloaded https://repo.maven.apache.org/maven2/org/apache/maven/plugins/maven-surefire-plugin/3.3.0/maven-surefire-plugin-3.3.0.jar
2025-05-05 20:39:56,143 [Worker-8: Creating maven-archetype-quickstart] INFO  o.e.m.c.i.l.LifecycleMappingFactory - Using org.eclipse.m2e.jdt.JarLifecycleMapping lifecycle mapping for MavenProject: com.oracle.training.dayone:TDDWorkshop:0.0.1-SNAPSHOT @ C:\Training\CNCF_Training\junit_labs\TDDWorkshop\pom.xml.
2025-05-05 20:39:56,391 [Worker-8: Creating maven-archetype-quickstart] INFO  o.e.m.c.i.e.AbstractTransferListenerAdapter - Downloading https://repo.maven.apache.org/maven2/org/junit/jupiter/junit-jupiter-api/5.11.0/junit-jupiter-api-5.11.0.pom
2025-05-05 20:39:56,414 [Worker-8: Creating maven-archetype-quickstart] INFO  o.e.m.c.i.e.AbstractTransferListenerAdapter - Downloaded https://repo.maven.apache.org/maven2/org/junit/jupiter/junit-jupiter-api/5.11.0/junit-jupiter-api-5.11.0.pom
2025-05-05 20:39:56,698 [Worker-8: Creating maven-archetype-quickstart] INFO  o.e.m.c.i.e.AbstractTransferListenerAdapter - Downloading https://repo.maven.apache.org/maven2/org/junit/platform/junit-platform-commons/1.11.0/junit-platform-commons-1.11.0.pom
2025-05-05 20:39:56,724 [Worker-8: Creating maven-archetype-quickstart] INFO  o.e.m.c.i.e.AbstractTransferListenerAdapter - Downloaded https://repo.maven.apache.org/maven2/org/junit/platform/junit-platform-commons/1.11.0/junit-platform-commons-1.11.0.pom
2025-05-05 20:39:57,026 [Worker-8: Creating maven-archetype-quickstart] INFO  o.e.m.c.i.e.AbstractTransferListenerAdapter - Downloading https://repo.maven.apache.org/maven2/org/junit/jupiter/junit-jupiter-params/5.11.0/junit-jupiter-params-5.11.0.pom
2025-05-05 20:39:57,065 [Worker-8: Creating maven-archetype-quickstart] INFO  o.e.m.c.i.e.AbstractTransferListenerAdapter - Downloaded https://repo.maven.apache.org/maven2/org/junit/jupiter/junit-jupiter-params/5.11.0/junit-jupiter-params-5.11.0.pom
2025-05-05 20:39:57,401 [Worker-8: Creating maven-archetype-quickstart] INFO  o.e.m.c.i.e.AbstractTransferListenerAdapter - Downloading https://repo.maven.apache.org/maven2/org/junit/jupiter/junit-jupiter-api/5.11.0/junit-jupiter-api-5.11.0.jar
2025-05-05 20:39:58,355 [Worker-8: Creating maven-archetype-quickstart] INFO  o.e.m.c.i.e.AbstractTransferListenerAdapter - Downloaded https://repo.maven.apache.org/maven2/org/junit/jupiter/junit-jupiter-api/5.11.0/junit-jupiter-api-5.11.0.jar
2025-05-05 20:39:58,599 [BasicRepositoryConnector-repo.maven.apache.org-0-1] INFO  o.e.m.c.i.e.AbstractTransferListenerAdapter - Downloading https://repo.maven.apache.org/maven2/org/junit/jupiter/junit-jupiter-params/5.11.0/junit-jupiter-params-5.11.0.jar
2025-05-05 20:39:59,143 [BasicRepositoryConnector-repo.maven.apache.org-0-1] INFO  o.e.m.c.i.e.AbstractTransferListenerAdapter - Downloaded https://repo.maven.apache.org/maven2/org/junit/jupiter/junit-jupiter-params/5.11.0/junit-jupiter-params-5.11.0.jar
2025-05-05 20:39:59,338 [BasicRepositoryConnector-repo.maven.apache.org-0-0] INFO  o.e.m.c.i.e.AbstractTransferListenerAdapter - Downloading https://repo.maven.apache.org/maven2/org/junit/platform/junit-platform-commons/1.11.0/junit-platform-commons-1.11.0.jar
2025-05-05 20:40:00,041 [BasicRepositoryConnector-repo.maven.apache.org-0-0] INFO  o.e.m.c.i.e.AbstractTransferListenerAdapter - Downloaded https://repo.maven.apache.org/maven2/org/junit/platform/junit-platform-commons/1.11.0/junit-platform-commons-1.11.0.jar
2025-05-05 20:40:00,332 [Worker-8: Creating maven-archetype-quickstart] INFO  o.e.m.c.i.e.AbstractTransferListenerAdapter - Downloading https://repo.maven.apache.org/maven2/org/apache/maven/plugins/maven-surefire-plugin/3.3.0/maven-surefire-plugin-3.3.0.pom
2025-05-05 20:40:00,343 [Worker-8: Creating maven-archetype-quickstart] INFO  o.e.m.c.i.e.AbstractTransferListenerAdapter - Downloaded https://repo.maven.apache.org/maven2/org/apache/maven/plugins/maven-surefire-plugin/3.3.0/maven-surefire-plugin-3.3.0.pom
2025-05-05 20:40:00,594 [Worker-8: Creating maven-archetype-quickstart] INFO  o.e.m.c.i.e.AbstractTransferListenerAdapter - Downloading https://repo.maven.apache.org/maven2/org/apache/maven/surefire/surefire/3.3.0/surefire-3.3.0.pom
2025-05-05 20:40:00,613 [Worker-8: Creating maven-archetype-quickstart] INFO  o.e.m.c.i.e.AbstractTransferListenerAdapter - Downloaded https://repo.maven.apache.org/maven2/org/apache/maven/surefire/surefire/3.3.0/surefire-3.3.0.pom
2025-05-05 20:40:01,614 [Worker-8: Creating maven-archetype-quickstart] INFO  o.e.m.j.i.AbstractJavaProjectConfigurator - Adding source folder /TDDWorkshop/src/main/java
2025-05-05 20:40:01,616 [Worker-8: Creating maven-archetype-quickstart] INFO  o.e.m.j.i.AbstractJavaProjectConfigurator - Adding resource folder /TDDWorkshop/src/main/resources
2025-05-05 20:40:01,621 [Worker-8: Creating maven-archetype-quickstart] INFO  o.e.m.j.i.AbstractJavaProjectConfigurator - Adding source folder /TDDWorkshop/src/test/java
2025-05-05 20:40:01,622 [Worker-8: Creating maven-archetype-quickstart] INFO  o.e.m.j.i.AbstractJavaProjectConfigurator - Adding resource folder /TDDWorkshop/src/test/resources
2025-05-05 20:40:02,694 [Worker-8: Creating maven-archetype-quickstart] INFO  o.e.m.c.i.p.ProjectConfigurationManager - Imported and configured 1 project(s) in 9 sec
2025-05-05 20:40:03,113 [Worker-31: Download sources and javadoc] INFO  o.e.m.c.i.e.AbstractTransferListenerAdapter - Downloading https://repo.maven.apache.org/maven2/org/junit/jupiter/junit-jupiter-api/5.11.0/junit-jupiter-api-5.11.0-sources.jar
2025-05-05 20:40:03,800 [Worker-43: Building] INFO  o.a.m.s.f.DefaultMavenResourcesFiltering - skip non existing resourceDirectory C:\Training\CNCF_Training\junit_labs\TDDWorkshop\src\main\resources
2025-05-05 20:40:03,804 [Worker-43: Building] INFO  o.a.m.s.f.DefaultMavenResourcesFiltering - skip non existing resourceDirectory C:\Training\CNCF_Training\junit_labs\TDDWorkshop\src\test\resources
2025-05-05 20:40:04,057 [Worker-31: Download sources and javadoc] INFO  o.e.m.c.i.e.AbstractTransferListenerAdapter - Downloaded https://repo.maven.apache.org/maven2/org/junit/jupiter/junit-jupiter-api/5.11.0/junit-jupiter-api-5.11.0-sources.jar
2025-05-05 20:40:04,063 [Worker-31: Download sources and javadoc] INFO  o.e.m.j.internal.DownloadSourcesJob - Downloaded sources for org.junit.jupiter:junit-jupiter-api:5.11.0
2025-05-05 20:40:05,005 [Worker-31: Download sources and javadoc] INFO  o.e.m.c.i.e.AbstractTransferListenerAdapter - Downloading https://repo.maven.apache.org/maven2/org/junit/platform/junit-platform-commons/1.11.0/junit-platform-commons-1.11.0-sources.jar
2025-05-05 20:40:05,709 [Worker-31: Download sources and javadoc] INFO  o.e.m.c.i.e.AbstractTransferListenerAdapter - Downloaded https://repo.maven.apache.org/maven2/org/junit/platform/junit-platform-commons/1.11.0/junit-platform-commons-1.11.0-sources.jar
2025-05-05 20:40:05,720 [Worker-31: Download sources and javadoc] INFO  o.e.m.j.internal.DownloadSourcesJob - Downloaded sources for org.junit.platform:junit-platform-commons:1.11.0
2025-05-05 20:40:06,735 [Worker-31: Download sources and javadoc] INFO  o.e.m.c.i.e.AbstractTransferListenerAdapter - Downloading https://repo.maven.apache.org/maven2/org/junit/jupiter/junit-jupiter-params/5.11.0/junit-jupiter-params-5.11.0-sources.jar
2025-05-05 20:40:07,210 [Worker-31: Download sources and javadoc] INFO  o.e.m.c.i.e.AbstractTransferListenerAdapter - Downloaded https://repo.maven.apache.org/maven2/org/junit/jupiter/junit-jupiter-params/5.11.0/junit-jupiter-params-5.11.0-sources.jar
2025-05-05 20:40:07,221 [Worker-31: Download sources and javadoc] INFO  o.e.m.j.internal.DownloadSourcesJob - Downloaded sources for org.junit.jupiter:junit-jupiter-params:5.11.0
2025-05-05 20:40:55,273 [Worker-4: Building] INFO  o.a.m.s.f.DefaultMavenResourcesFiltering - skip non existing resourceDirectory C:\Training\CNCF_Training\junit_labs\TDDWorkshop\src\main\resources
2025-05-05 20:40:55,278 [Worker-4: Building] INFO  o.a.m.s.f.DefaultMavenResourcesFiltering - skip non existing resourceDirectory C:\Training\CNCF_Training\junit_labs\TDDWorkshop\src\test\resources
2025-05-05 20:41:45,459 [Worker-40: Building] INFO  o.a.m.s.f.DefaultMavenResourcesFiltering - skip non existing resourceDirectory C:\Training\CNCF_Training\junit_labs\TDDWorkshop\src\main\resources
2025-05-05 20:41:45,465 [Worker-40: Building] INFO  o.a.m.s.f.DefaultMavenResourcesFiltering - skip non existing resourceDirectory C:\Training\CNCF_Training\junit_labs\TDDWorkshop\src\test\resources
2025-05-05 20:41:58,581 [Worker-20: Building] INFO  o.a.m.s.f.DefaultMavenResourcesFiltering - skip non existing resourceDirectory C:\Training\CNCF_Training\junit_labs\TDDWorkshop\src\main\resources
2025-05-05 20:41:58,588 [Worker-20: Building] INFO  o.a.m.s.f.DefaultMavenResourcesFiltering - skip non existing resourceDirectory C:\Training\CNCF_Training\junit_labs\TDDWorkshop\src\test\resources
2025-05-05 20:42:21,614 [Worker-43: Building] INFO  o.a.m.s.f.DefaultMavenResourcesFiltering - skip non existing resourceDirectory C:\Training\CNCF_Training\junit_labs\TDDWorkshop\src\main\resources
2025-05-05 20:42:21,618 [Worker-43: Building] INFO  o.a.m.s.f.DefaultMavenResourcesFiltering - skip non existing resourceDirectory C:\Training\CNCF_Training\junit_labs\TDDWorkshop\src\test\resources
2025-05-05 20:42:31,480 [main] INFO  o.e.m.jdt.internal.UnitTestSupport - Updating BankAccountTest from maven configuration
2025-05-05 20:42:32,666 [main] INFO  o.e.m.c.i.e.AbstractTransferListenerAdapter - Downloading https://repo.maven.apache.org/maven2/org/apache/maven/surefire/surefire-api/3.3.0/surefire-api-3.3.0.pom
2025-05-05 20:42:32,696 [main] INFO  o.e.m.c.i.e.AbstractTransferListenerAdapter - Downloaded https://repo.maven.apache.org/maven2/org/apache/maven/surefire/surefire-api/3.3.0/surefire-api-3.3.0.pom
2025-05-05 20:42:32,993 [main] INFO  o.e.m.c.i.e.AbstractTransferListenerAdapter - Downloading https://repo.maven.apache.org/maven2/org/apache/maven/surefire/surefire-logger-api/3.3.0/surefire-logger-api-3.3.0.pom
2025-05-05 20:42:33,012 [main] INFO  o.e.m.c.i.e.AbstractTransferListenerAdapter - Downloaded https://repo.maven.apache.org/maven2/org/apache/maven/surefire/surefire-logger-api/3.3.0/surefire-logger-api-3.3.0.pom
2025-05-05 20:42:33,272 [main] INFO  o.e.m.c.i.e.AbstractTransferListenerAdapter - Downloading https://repo.maven.apache.org/maven2/org/apache/maven/surefire/surefire-shared-utils/3.3.0/surefire-shared-utils-3.3.0.pom
2025-05-05 20:42:33,291 [main] INFO  o.e.m.c.i.e.AbstractTransferListenerAdapter - Downloaded https://repo.maven.apache.org/maven2/org/apache/maven/surefire/surefire-shared-utils/3.3.0/surefire-shared-utils-3.3.0.pom
2025-05-05 20:42:33,552 [main] INFO  o.e.m.c.i.e.AbstractTransferListenerAdapter - Downloading https://repo.maven.apache.org/maven2/org/apache/maven/surefire/surefire-extensions-api/3.3.0/surefire-extensions-api-3.3.0.pom
2025-05-05 20:42:33,572 [main] INFO  o.e.m.c.i.e.AbstractTransferListenerAdapter - Downloaded https://repo.maven.apache.org/maven2/org/apache/maven/surefire/surefire-extensions-api/3.3.0/surefire-extensions-api-3.3.0.pom
2025-05-05 20:42:33,966 [main] INFO  o.e.m.c.i.e.AbstractTransferListenerAdapter - Downloading https://repo.maven.apache.org/maven2/org/apache/maven/surefire/maven-surefire-common/3.3.0/maven-surefire-common-3.3.0.pom
2025-05-05 20:42:33,996 [main] INFO  o.e.m.c.i.e.AbstractTransferListenerAdapter - Downloaded https://repo.maven.apache.org/maven2/org/apache/maven/surefire/maven-surefire-common/3.3.0/maven-surefire-common-3.3.0.pom
2025-05-05 20:42:34,264 [main] INFO  o.e.m.c.i.e.AbstractTransferListenerAdapter - Downloading https://repo.maven.apache.org/maven2/org/apache/maven/surefire/surefire-booter/3.3.0/surefire-booter-3.3.0.pom
2025-05-05 20:42:34,289 [main] INFO  o.e.m.c.i.e.AbstractTransferListenerAdapter - Downloaded https://repo.maven.apache.org/maven2/org/apache/maven/surefire/surefire-booter/3.3.0/surefire-booter-3.3.0.pom
2025-05-05 20:42:34,547 [main] INFO  o.e.m.c.i.e.AbstractTransferListenerAdapter - Downloading https://repo.maven.apache.org/maven2/org/apache/maven/surefire/surefire-extensions-spi/3.3.0/surefire-extensions-spi-3.3.0.pom
2025-05-05 20:42:34,572 [main] INFO  o.e.m.c.i.e.AbstractTransferListenerAdapter - Downloaded https://repo.maven.apache.org/maven2/org/apache/maven/surefire/surefire-extensions-spi/3.3.0/surefire-extensions-spi-3.3.0.pom
2025-05-05 20:42:34,867 [main] INFO  o.e.m.c.i.e.AbstractTransferListenerAdapter - Downloading https://repo.maven.apache.org/maven2/org/apache/maven/resolver/maven-resolver-util/1.4.1/maven-resolver-util-1.4.1.pom
2025-05-05 20:42:34,891 [main] INFO  o.e.m.c.i.e.AbstractTransferListenerAdapter - Downloaded https://repo.maven.apache.org/maven2/org/apache/maven/resolver/maven-resolver-util/1.4.1/maven-resolver-util-1.4.1.pom
2025-05-05 20:42:35,184 [main] INFO  o.e.m.c.i.e.AbstractTransferListenerAdapter - Downloading https://repo.maven.apache.org/maven2/org/apache/maven/resolver/maven-resolver/1.4.1/maven-resolver-1.4.1.pom
2025-05-05 20:42:35,216 [main] INFO  o.e.m.c.i.e.AbstractTransferListenerAdapter - Downloaded https://repo.maven.apache.org/maven2/org/apache/maven/resolver/maven-resolver/1.4.1/maven-resolver-1.4.1.pom
2025-05-05 20:42:35,476 [main] INFO  o.e.m.c.i.e.AbstractTransferListenerAdapter - Downloading https://repo.maven.apache.org/maven2/org/apache/maven/resolver/maven-resolver-api/1.4.1/maven-resolver-api-1.4.1.pom
2025-05-05 20:42:35,496 [main] INFO  o.e.m.c.i.e.AbstractTransferListenerAdapter - Downloaded https://repo.maven.apache.org/maven2/org/apache/maven/resolver/maven-resolver-api/1.4.1/maven-resolver-api-1.4.1.pom
2025-05-05 20:42:35,757 [main] INFO  o.e.m.c.i.e.AbstractTransferListenerAdapter - Downloading https://repo.maven.apache.org/maven2/org/apache/maven/shared/maven-common-artifact-filters/3.4.0/maven-common-artifact-filters-3.4.0.pom
2025-05-05 20:42:35,781 [main] INFO  o.e.m.c.i.e.AbstractTransferListenerAdapter - Downloaded https://repo.maven.apache.org/maven2/org/apache/maven/shared/maven-common-artifact-filters/3.4.0/maven-common-artifact-filters-3.4.0.pom
2025-05-05 20:42:36,132 [main] INFO  o.e.m.c.i.e.AbstractTransferListenerAdapter - Downloading https://repo.maven.apache.org/maven2/org/apache/maven/surefire/surefire-api/3.3.0/surefire-api-3.3.0.jar
2025-05-05 20:42:36,623 [main] INFO  o.e.m.c.i.e.AbstractTransferListenerAdapter - Downloaded https://repo.maven.apache.org/maven2/org/apache/maven/surefire/surefire-api/3.3.0/surefire-api-3.3.0.jar
2025-05-05 20:42:36,867 [BasicRepositoryConnector-repo.maven.apache.org-1-0] INFO  o.e.m.c.i.e.AbstractTransferListenerAdapter - Downloading https://repo.maven.apache.org/maven2/org/apache/maven/surefire/surefire-logger-api/3.3.0/surefire-logger-api-3.3.0.jar
2025-05-05 20:42:36,897 [BasicRepositoryConnector-repo.maven.apache.org-1-0] INFO  o.e.m.c.i.e.AbstractTransferListenerAdapter - Downloaded https://repo.maven.apache.org/maven2/org/apache/maven/surefire/surefire-logger-api/3.3.0/surefire-logger-api-3.3.0.jar
2025-05-05 20:42:37,146 [BasicRepositoryConnector-repo.maven.apache.org-1-0] INFO  o.e.m.c.i.e.AbstractTransferListenerAdapter - Downloading https://repo.maven.apache.org/maven2/org/apache/maven/surefire/surefire-extensions-spi/3.3.0/surefire-extensions-spi-3.3.0.jar
2025-05-05 20:42:37,157 [BasicRepositoryConnector-repo.maven.apache.org-1-0] INFO  o.e.m.c.i.e.AbstractTransferListenerAdapter - Downloaded https://repo.maven.apache.org/maven2/org/apache/maven/surefire/surefire-extensions-spi/3.3.0/surefire-extensions-spi-3.3.0.jar
2025-05-05 20:42:37,421 [BasicRepositoryConnector-repo.maven.apache.org-1-0] INFO  o.e.m.c.i.e.AbstractTransferListenerAdapter - Downloading https://repo.maven.apache.org/maven2/org/apache/maven/resolver/maven-resolver-util/1.4.1/maven-resolver-util-1.4.1.jar
2025-05-05 20:42:37,641 [BasicRepositoryConnector-repo.maven.apache.org-1-1] INFO  o.e.m.c.i.e.AbstractTransferListenerAdapter - Downloading https://repo.maven.apache.org/maven2/org/apache/maven/surefire/surefire-shared-utils/3.3.0/surefire-shared-utils-3.3.0.jar
2025-05-05 20:42:37,662 [BasicRepositoryConnector-repo.maven.apache.org-1-4] INFO  o.e.m.c.i.e.AbstractTransferListenerAdapter - Downloading https://repo.maven.apache.org/maven2/org/apache/maven/surefire/surefire-booter/3.3.0/surefire-booter-3.3.0.jar
2025-05-05 20:42:37,663 [BasicRepositoryConnector-repo.maven.apache.org-1-3] INFO  o.e.m.c.i.e.AbstractTransferListenerAdapter - Downloading https://repo.maven.apache.org/maven2/org/apache/maven/surefire/maven-surefire-common/3.3.0/maven-surefire-common-3.3.0.jar
2025-05-05 20:42:37,667 [BasicRepositoryConnector-repo.maven.apache.org-1-2] INFO  o.e.m.c.i.e.AbstractTransferListenerAdapter - Downloading https://repo.maven.apache.org/maven2/org/apache/maven/surefire/surefire-extensions-api/3.3.0/surefire-extensions-api-3.3.0.jar
2025-05-05 20:42:37,671 [BasicRepositoryConnector-repo.maven.apache.org-1-0] INFO  o.e.m.c.i.e.AbstractTransferListenerAdapter - Downloaded https://repo.maven.apache.org/maven2/org/apache/maven/resolver/maven-resolver-util/1.4.1/maven-resolver-util-1.4.1.jar
2025-05-05 20:42:37,915 [BasicRepositoryConnector-repo.maven.apache.org-1-0] INFO  o.e.m.c.i.e.AbstractTransferListenerAdapter - Downloading https://repo.maven.apache.org/maven2/org/apache/maven/resolver/maven-resolver-api/1.4.1/maven-resolver-api-1.4.1.jar
2025-05-05 20:42:37,917 [BasicRepositoryConnector-repo.maven.apache.org-1-2] INFO  o.e.m.c.i.e.AbstractTransferListenerAdapter - Downloaded https://repo.maven.apache.org/maven2/org/apache/maven/surefire/surefire-extensions-api/3.3.0/surefire-extensions-api-3.3.0.jar
2025-05-05 20:42:37,933 [BasicRepositoryConnector-repo.maven.apache.org-1-0] INFO  o.e.m.c.i.e.AbstractTransferListenerAdapter - Downloaded https://repo.maven.apache.org/maven2/org/apache/maven/resolver/maven-resolver-api/1.4.1/maven-resolver-api-1.4.1.jar
2025-05-05 20:42:38,156 [BasicRepositoryConnector-repo.maven.apache.org-1-2] INFO  o.e.m.c.i.e.AbstractTransferListenerAdapter - Downloading https://repo.maven.apache.org/maven2/org/apache/maven/shared/maven-common-artifact-filters/3.4.0/maven-common-artifact-filters-3.4.0.jar
2025-05-05 20:42:38,376 [BasicRepositoryConnector-repo.maven.apache.org-1-4] INFO  o.e.m.c.i.e.AbstractTransferListenerAdapter - Downloaded https://repo.maven.apache.org/maven2/org/apache/maven/surefire/surefire-booter/3.3.0/surefire-booter-3.3.0.jar
2025-05-05 20:42:38,405 [BasicRepositoryConnector-repo.maven.apache.org-1-2] INFO  o.e.m.c.i.e.AbstractTransferListenerAdapter - Downloaded https://repo.maven.apache.org/maven2/org/apache/maven/shared/maven-common-artifact-filters/3.4.0/maven-common-artifact-filters-3.4.0.jar
2025-05-05 20:42:38,839 [BasicRepositoryConnector-repo.maven.apache.org-1-3] INFO  o.e.m.c.i.e.AbstractTransferListenerAdapter - Downloaded https://repo.maven.apache.org/maven2/org/apache/maven/surefire/maven-surefire-common/3.3.0/maven-surefire-common-3.3.0.jar
2025-05-05 20:42:39,405 [BasicRepositoryConnector-repo.maven.apache.org-1-1] INFO  o.e.m.c.i.e.AbstractTransferListenerAdapter - Downloaded https://repo.maven.apache.org/maven2/org/apache/maven/surefire/surefire-shared-utils/3.3.0/surefire-shared-utils-3.3.0.jar
2025-05-05 20:42:41,000 [Worker-45: Launching BankAccountTest] INFO  o.e.m.c.i.e.AbstractTransferListenerAdapter - Downloading https://repo.maven.apache.org/maven2/org/junit/platform/junit-platform-launcher/1.11.0/junit-platform-launcher-1.11.0.jar
2025-05-05 20:42:41,720 [Worker-45: Launching BankAccountTest] INFO  o.e.m.c.i.e.AbstractTransferListenerAdapter - Downloaded https://repo.maven.apache.org/maven2/org/junit/platform/junit-platform-launcher/1.11.0/junit-platform-launcher-1.11.0.jar
2025-05-05 20:42:42,012 [Worker-45: Launching BankAccountTest] INFO  o.e.m.c.i.e.AbstractTransferListenerAdapter - Downloading https://repo.maven.apache.org/maven2/org/junit/platform/junit-platform-engine/1.11.0/junit-platform-engine-1.11.0.jar
2025-05-05 20:42:42,251 [Worker-45: Launching BankAccountTest] INFO  o.e.m.c.i.e.AbstractTransferListenerAdapter - Downloaded https://repo.maven.apache.org/maven2/org/junit/platform/junit-platform-engine/1.11.0/junit-platform-engine-1.11.0.jar
2025-05-05 20:42:42,497 [Worker-45: Launching BankAccountTest] INFO  o.e.m.c.i.e.AbstractTransferListenerAdapter - Downloading https://repo.maven.apache.org/maven2/org/junit/jupiter/junit-jupiter-engine/5.11.0/junit-jupiter-engine-5.11.0.jar
2025-05-05 20:42:42,532 [Worker-45: Launching BankAccountTest] INFO  o.e.m.c.i.e.AbstractTransferListenerAdapter - Downloaded https://repo.maven.apache.org/maven2/org/junit/jupiter/junit-jupiter-engine/5.11.0/junit-jupiter-engine-5.11.0.jar
2025-05-05 20:43:34,938 [Worker-15: Launching Executing test in C__Training_CNCF_Training_junit_labs_TDDWorkshop] INFO  o.eclipse.m2e.core.internal.Bundles - getClasspathEntries(Bundle=org.eclipse.m2e.maven.runtime_3.9.900.20240824-1409 [638])
2025-05-05 20:43:34,941 [Worker-15: Launching Executing test in C__Training_CNCF_Training_junit_labs_TDDWorkshop] INFO  o.eclipse.m2e.core.internal.Bundles - 	Entry: C:\Users\ramisant\.p2\pool\plugins\org.eclipse.m2e.maven.runtime_3.9.900.20240824-1409
2025-05-05 20:43:34,941 [Worker-15: Launching Executing test in C__Training_CNCF_Training_junit_labs_TDDWorkshop] INFO  o.eclipse.m2e.core.internal.Bundles - 	Entry: C:\Users\ramisant\.p2\pool\plugins\org.eclipse.m2e.maven.runtime_3.9.900.20240824-1409\jars\aopalliance-1.0.jar
2025-05-05 20:43:34,941 [Worker-15: Launching Executing test in C__Training_CNCF_Training_junit_labs_TDDWorkshop] INFO  o.eclipse.m2e.core.internal.Bundles - 	Entry: C:\Users\ramisant\.p2\pool\plugins\org.eclipse.m2e.maven.runtime_3.9.900.20240824-1409\jars\guice-5.1.0.jar
2025-05-05 20:43:34,942 [Worker-15: Launching Executing test in C__Training_CNCF_Training_junit_labs_TDDWorkshop] INFO  o.eclipse.m2e.core.internal.Bundles - 	Entry: C:\Users\ramisant\.p2\pool\plugins\org.eclipse.m2e.maven.runtime_3.9.900.20240824-1409\jars\httpclient-4.5.14.jar
2025-05-05 20:43:34,942 [Worker-15: Launching Executing test in C__Training_CNCF_Training_junit_labs_TDDWorkshop] INFO  o.eclipse.m2e.core.internal.Bundles - 	Entry: C:\Users\ramisant\.p2\pool\plugins\org.eclipse.m2e.maven.runtime_3.9.900.20240824-1409\jars\httpcore-4.4.16.jar
2025-05-05 20:43:34,942 [Worker-15: Launching Executing test in C__Training_CNCF_Training_junit_labs_TDDWorkshop] INFO  o.eclipse.m2e.core.internal.Bundles - 	Entry: C:\Users\ramisant\.p2\pool\plugins\org.eclipse.m2e.maven.runtime_3.9.900.20240824-1409\jars\jansi-2.4.1.jar
2025-05-05 20:43:34,942 [Worker-15: Launching Executing test in C__Training_CNCF_Training_junit_labs_TDDWorkshop] INFO  o.eclipse.m2e.core.internal.Bundles - 	Entry: C:\Users\ramisant\.p2\pool\plugins\org.eclipse.m2e.maven.runtime_3.9.900.20240824-1409\jars\jcl-over-slf4j-1.7.36.jar
2025-05-05 20:43:34,942 [Worker-15: Launching Executing test in C__Training_CNCF_Training_junit_labs_TDDWorkshop] INFO  o.eclipse.m2e.core.internal.Bundles - 	Entry: C:\Users\ramisant\.p2\pool\plugins\org.eclipse.m2e.maven.runtime_3.9.900.20240824-1409\jars\maven-artifact-3.9.9.jar
2025-05-05 20:43:34,943 [Worker-15: Launching Executing test in C__Training_CNCF_Training_junit_labs_TDDWorkshop] INFO  o.eclipse.m2e.core.internal.Bundles - 	Entry: C:\Users\ramisant\.p2\pool\plugins\org.eclipse.m2e.maven.runtime_3.9.900.20240824-1409\jars\maven-builder-support-3.9.9.jar
2025-05-05 20:43:34,943 [Worker-15: Launching Executing test in C__Training_CNCF_Training_junit_labs_TDDWorkshop] INFO  o.eclipse.m2e.core.internal.Bundles - 	Entry: C:\Users\ramisant\.p2\pool\plugins\org.eclipse.m2e.maven.runtime_3.9.900.20240824-1409\jars\maven-compat-3.9.9.jar
2025-05-05 20:43:34,943 [Worker-15: Launching Executing test in C__Training_CNCF_Training_junit_labs_TDDWorkshop] INFO  o.eclipse.m2e.core.internal.Bundles - 	Entry: C:\Users\ramisant\.p2\pool\plugins\org.eclipse.m2e.maven.runtime_3.9.900.20240824-1409\jars\maven-core-3.9.9.jar
2025-05-05 20:43:34,943 [Worker-15: Launching Executing test in C__Training_CNCF_Training_junit_labs_TDDWorkshop] INFO  o.eclipse.m2e.core.internal.Bundles - 	Entry: C:\Users\ramisant\.p2\pool\plugins\org.eclipse.m2e.maven.runtime_3.9.900.20240824-1409\jars\maven-embedder-3.9.9.jar
2025-05-05 20:43:34,944 [Worker-15: Launching Executing test in C__Training_CNCF_Training_junit_labs_TDDWorkshop] INFO  o.eclipse.m2e.core.internal.Bundles - 	Entry: C:\Users\ramisant\.p2\pool\plugins\org.eclipse.m2e.maven.runtime_3.9.900.20240824-1409\jars\maven-model-3.9.9.jar
2025-05-05 20:43:34,944 [Worker-15: Launching Executing test in C__Training_CNCF_Training_junit_labs_TDDWorkshop] INFO  o.eclipse.m2e.core.internal.Bundles - 	Entry: C:\Users\ramisant\.p2\pool\plugins\org.eclipse.m2e.maven.runtime_3.9.900.20240824-1409\jars\maven-model-builder-3.9.9.jar
2025-05-05 20:43:34,944 [Worker-15: Launching Executing test in C__Training_CNCF_Training_junit_labs_TDDWorkshop] INFO  o.eclipse.m2e.core.internal.Bundles - 	Entry: C:\Users\ramisant\.p2\pool\plugins\org.eclipse.m2e.maven.runtime_3.9.900.20240824-1409\jars\maven-plugin-api-3.9.9.jar
2025-05-05 20:43:34,944 [Worker-15: Launching Executing test in C__Training_CNCF_Training_junit_labs_TDDWorkshop] INFO  o.eclipse.m2e.core.internal.Bundles - 	Entry: C:\Users\ramisant\.p2\pool\plugins\org.eclipse.m2e.maven.runtime_3.9.900.20240824-1409\jars\maven-repository-metadata-3.9.9.jar
2025-05-05 20:43:34,944 [Worker-15: Launching Executing test in C__Training_CNCF_Training_junit_labs_TDDWorkshop] INFO  o.eclipse.m2e.core.internal.Bundles - 	Entry: C:\Users\ramisant\.p2\pool\plugins\org.eclipse.m2e.maven.runtime_3.9.900.20240824-1409\jars\maven-resolver-api-1.9.22.jar
2025-05-05 20:43:34,944 [Worker-15: Launching Executing test in C__Training_CNCF_Training_junit_labs_TDDWorkshop] INFO  o.eclipse.m2e.core.internal.Bundles - 	Entry: C:\Users\ramisant\.p2\pool\plugins\org.eclipse.m2e.maven.runtime_3.9.900.20240824-1409\jars\maven-resolver-connector-basic-1.9.22.jar
2025-05-05 20:43:34,944 [Worker-15: Launching Executing test in C__Training_CNCF_Training_junit_labs_TDDWorkshop] INFO  o.eclipse.m2e.core.internal.Bundles - 	Entry: C:\Users\ramisant\.p2\pool\plugins\org.eclipse.m2e.maven.runtime_3.9.900.20240824-1409\jars\maven-resolver-impl-1.9.22.jar
2025-05-05 20:43:34,944 [Worker-15: Launching Executing test in C__Training_CNCF_Training_junit_labs_TDDWorkshop] INFO  o.eclipse.m2e.core.internal.Bundles - 	Entry: C:\Users\ramisant\.p2\pool\plugins\org.eclipse.m2e.maven.runtime_3.9.900.20240824-1409\jars\maven-resolver-named-locks-1.9.22.jar
2025-05-05 20:43:34,945 [Worker-15: Launching Executing test in C__Training_CNCF_Training_junit_labs_TDDWorkshop] INFO  o.eclipse.m2e.core.internal.Bundles - 	Entry: C:\Users\ramisant\.p2\pool\plugins\org.eclipse.m2e.maven.runtime_3.9.900.20240824-1409\jars\maven-resolver-provider-3.9.9.jar
2025-05-05 20:43:34,946 [Worker-15: Launching Executing test in C__Training_CNCF_Training_junit_labs_TDDWorkshop] INFO  o.eclipse.m2e.core.internal.Bundles - 	Entry: C:\Users\ramisant\.p2\pool\plugins\org.eclipse.m2e.maven.runtime_3.9.900.20240824-1409\jars\maven-resolver-spi-1.9.22.jar
2025-05-05 20:43:34,946 [Worker-15: Launching Executing test in C__Training_CNCF_Training_junit_labs_TDDWorkshop] INFO  o.eclipse.m2e.core.internal.Bundles - 	Entry: C:\Users\ramisant\.p2\pool\plugins\org.eclipse.m2e.maven.runtime_3.9.900.20240824-1409\jars\maven-resolver-transport-file-1.9.22.jar
2025-05-05 20:43:34,946 [Worker-15: Launching Executing test in C__Training_CNCF_Training_junit_labs_TDDWorkshop] INFO  o.eclipse.m2e.core.internal.Bundles - 	Entry: C:\Users\ramisant\.p2\pool\plugins\org.eclipse.m2e.maven.runtime_3.9.900.20240824-1409\jars\maven-resolver-transport-http-1.9.22.jar
2025-05-05 20:43:34,948 [Worker-15: Launching Executing test in C__Training_CNCF_Training_junit_labs_TDDWorkshop] INFO  o.eclipse.m2e.core.internal.Bundles - 	Entry: C:\Users\ramisant\.p2\pool\plugins\org.eclipse.m2e.maven.runtime_3.9.900.20240824-1409\jars\maven-resolver-transport-wagon-1.9.22.jar
2025-05-05 20:43:34,949 [Worker-15: Launching Executing test in C__Training_CNCF_Training_junit_labs_TDDWorkshop] INFO  o.eclipse.m2e.core.internal.Bundles - 	Entry: C:\Users\ramisant\.p2\pool\plugins\org.eclipse.m2e.maven.runtime_3.9.900.20240824-1409\jars\maven-resolver-util-1.9.22.jar
2025-05-05 20:43:34,949 [Worker-15: Launching Executing test in C__Training_CNCF_Training_junit_labs_TDDWorkshop] INFO  o.eclipse.m2e.core.internal.Bundles - 	Entry: C:\Users\ramisant\.p2\pool\plugins\org.eclipse.m2e.maven.runtime_3.9.900.20240824-1409\jars\maven-settings-3.9.9.jar
2025-05-05 20:43:34,949 [Worker-15: Launching Executing test in C__Training_CNCF_Training_junit_labs_TDDWorkshop] INFO  o.eclipse.m2e.core.internal.Bundles - 	Entry: C:\Users\ramisant\.p2\pool\plugins\org.eclipse.m2e.maven.runtime_3.9.900.20240824-1409\jars\maven-settings-builder-3.9.9.jar
2025-05-05 20:43:34,950 [Worker-15: Launching Executing test in C__Training_CNCF_Training_junit_labs_TDDWorkshop] INFO  o.eclipse.m2e.core.internal.Bundles - 	Entry: C:\Users\ramisant\.p2\pool\plugins\org.eclipse.m2e.maven.runtime_3.9.900.20240824-1409\jars\maven-shared-utils-3.4.2.jar
2025-05-05 20:43:34,950 [Worker-15: Launching Executing test in C__Training_CNCF_Training_junit_labs_TDDWorkshop] INFO  o.eclipse.m2e.core.internal.Bundles - 	Entry: C:\Users\ramisant\.p2\pool\plugins\org.eclipse.m2e.maven.runtime_3.9.900.20240824-1409\jars\org.eclipse.sisu.inject-0.9.0.M3.jar
2025-05-05 20:43:34,950 [Worker-15: Launching Executing test in C__Training_CNCF_Training_junit_labs_TDDWorkshop] INFO  o.eclipse.m2e.core.internal.Bundles - 	Entry: C:\Users\ramisant\.p2\pool\plugins\org.eclipse.m2e.maven.runtime_3.9.900.20240824-1409\jars\org.eclipse.sisu.plexus-0.9.0.M3.jar
2025-05-05 20:43:34,951 [Worker-15: Launching Executing test in C__Training_CNCF_Training_junit_labs_TDDWorkshop] INFO  o.eclipse.m2e.core.internal.Bundles - 	Entry: C:\Users\ramisant\.p2\pool\plugins\org.eclipse.m2e.maven.runtime_3.9.900.20240824-1409\jars\plexus-build-api-0.0.7.jar
2025-05-05 20:43:34,951 [Worker-15: Launching Executing test in C__Training_CNCF_Training_junit_labs_TDDWorkshop] INFO  o.eclipse.m2e.core.internal.Bundles - 	Entry: C:\Users\ramisant\.p2\pool\plugins\org.eclipse.m2e.maven.runtime_3.9.900.20240824-1409\jars\plexus-build-api-1.2.0.jar
2025-05-05 20:43:34,951 [Worker-15: Launching Executing test in C__Training_CNCF_Training_junit_labs_TDDWorkshop] INFO  o.eclipse.m2e.core.internal.Bundles - 	Entry: C:\Users\ramisant\.p2\pool\plugins\org.eclipse.m2e.maven.runtime_3.9.900.20240824-1409\jars\plexus-cipher-2.0.jar
2025-05-05 20:43:34,952 [Worker-15: Launching Executing test in C__Training_CNCF_Training_junit_labs_TDDWorkshop] INFO  o.eclipse.m2e.core.internal.Bundles - 	Entry: C:\Users\ramisant\.p2\pool\plugins\org.eclipse.m2e.maven.runtime_3.9.900.20240824-1409\jars\plexus-classworlds-2.8.0.jar
2025-05-05 20:43:34,952 [Worker-15: Launching Executing test in C__Training_CNCF_Training_junit_labs_TDDWorkshop] INFO  o.eclipse.m2e.core.internal.Bundles - 	Entry: C:\Users\ramisant\.p2\pool\plugins\org.eclipse.m2e.maven.runtime_3.9.900.20240824-1409\jars\plexus-component-annotations-2.1.0.jar
2025-05-05 20:43:34,952 [Worker-15: Launching Executing test in C__Training_CNCF_Training_junit_labs_TDDWorkshop] INFO  o.eclipse.m2e.core.internal.Bundles - 	Entry: C:\Users\ramisant\.p2\pool\plugins\org.eclipse.m2e.maven.runtime_3.9.900.20240824-1409\jars\plexus-interpolation-1.27.jar
2025-05-05 20:43:34,952 [Worker-15: Launching Executing test in C__Training_CNCF_Training_junit_labs_TDDWorkshop] INFO  o.eclipse.m2e.core.internal.Bundles - 	Entry: C:\Users\ramisant\.p2\pool\plugins\org.eclipse.m2e.maven.runtime_3.9.900.20240824-1409\jars\plexus-sec-dispatcher-2.0.jar
2025-05-05 20:43:34,954 [Worker-15: Launching Executing test in C__Training_CNCF_Training_junit_labs_TDDWorkshop] INFO  o.eclipse.m2e.core.internal.Bundles - 	Entry: C:\Users\ramisant\.p2\pool\plugins\org.eclipse.m2e.maven.runtime_3.9.900.20240824-1409\jars\plexus-utils-3.5.1.jar
2025-05-05 20:43:34,954 [Worker-15: Launching Executing test in C__Training_CNCF_Training_junit_labs_TDDWorkshop] INFO  o.eclipse.m2e.core.internal.Bundles - 	Entry: C:\Users\ramisant\.p2\pool\plugins\org.eclipse.m2e.maven.runtime_3.9.900.20240824-1409\jars\plexus-xml-3.0.1.jar
2025-05-05 20:43:34,955 [Worker-15: Launching Executing test in C__Training_CNCF_Training_junit_labs_TDDWorkshop] INFO  o.eclipse.m2e.core.internal.Bundles - 	Entry: C:\Users\ramisant\.p2\pool\plugins\org.eclipse.m2e.maven.runtime_3.9.900.20240824-1409\jars\wagon-file-3.5.3.jar
2025-05-05 20:43:34,956 [Worker-15: Launching Executing test in C__Training_CNCF_Training_junit_labs_TDDWorkshop] INFO  o.eclipse.m2e.core.internal.Bundles - 	Entry: C:\Users\ramisant\.p2\pool\plugins\org.eclipse.m2e.maven.runtime_3.9.900.20240824-1409\jars\wagon-http-3.5.3.jar
2025-05-05 20:43:34,956 [Worker-15: Launching Executing test in C__Training_CNCF_Training_junit_labs_TDDWorkshop] INFO  o.eclipse.m2e.core.internal.Bundles - 	Entry: C:\Users\ramisant\.p2\pool\plugins\org.eclipse.m2e.maven.runtime_3.9.900.20240824-1409\jars\wagon-http-shared-3.5.3.jar
2025-05-05 20:43:34,957 [Worker-15: Launching Executing test in C__Training_CNCF_Training_junit_labs_TDDWorkshop] INFO  o.eclipse.m2e.core.internal.Bundles - 	Entry: C:\Users\ramisant\.p2\pool\plugins\org.eclipse.m2e.maven.runtime_3.9.900.20240824-1409\jars\wagon-provider-api-3.5.3.jar
2025-05-05 20:43:34,957 [Worker-15: Launching Executing test in C__Training_CNCF_Training_junit_labs_TDDWorkshop] INFO  o.eclipse.m2e.core.internal.Bundles - getClasspathEntries(Bundle=com.google.guava_33.3.1.jre [16])
2025-05-05 20:43:34,958 [Worker-15: Launching Executing test in C__Training_CNCF_Training_junit_labs_TDDWorkshop] INFO  o.eclipse.m2e.core.internal.Bundles - 	Entry: C:\Users\ramisant\.p2\pool\plugins\com.google.guava_33.3.1.jre.jar
2025-05-05 20:43:34,958 [Worker-15: Launching Executing test in C__Training_CNCF_Training_junit_labs_TDDWorkshop] INFO  o.eclipse.m2e.core.internal.Bundles - getClasspathEntries(Bundle=slf4j.api_2.0.16 [1005])
2025-05-05 20:43:34,960 [Worker-15: Launching Executing test in C__Training_CNCF_Training_junit_labs_TDDWorkshop] INFO  o.eclipse.m2e.core.internal.Bundles - 	Entry: C:\Users\ramisant\.p2\pool\plugins\slf4j.api_2.0.16.jar
2025-05-05 20:43:34,960 [Worker-15: Launching Executing test in C__Training_CNCF_Training_junit_labs_TDDWorkshop] INFO  o.eclipse.m2e.core.internal.Bundles - getClasspathEntries(Bundle=jakarta.inject.jakarta.inject-api_1.0.5 [34])
2025-05-05 20:43:34,961 [Worker-15: Launching Executing test in C__Training_CNCF_Training_junit_labs_TDDWorkshop] INFO  o.eclipse.m2e.core.internal.Bundles - 	Entry: C:\Users\ramisant\.p2\pool\plugins\jakarta.inject.jakarta.inject-api_1.0.5.jar
2025-05-05 20:43:34,961 [Worker-15: Launching Executing test in C__Training_CNCF_Training_junit_labs_TDDWorkshop] INFO  o.eclipse.m2e.core.internal.Bundles - getClasspathEntries(Bundle=jakarta.annotation-api_1.3.5 [29])
2025-05-05 20:43:34,962 [Worker-15: Launching Executing test in C__Training_CNCF_Training_junit_labs_TDDWorkshop] INFO  o.eclipse.m2e.core.internal.Bundles - 	Entry: C:\Users\ramisant\.p2\pool\plugins\jakarta.annotation-api_1.3.5.jar
2025-05-05 20:43:34,962 [Worker-15: Launching Executing test in C__Training_CNCF_Training_junit_labs_TDDWorkshop] INFO  o.eclipse.m2e.core.internal.Bundles - getClasspathEntries(Bundle=org.apache.commons.cli_1.9.0 [75])
2025-05-05 20:43:34,963 [Worker-15: Launching Executing test in C__Training_CNCF_Training_junit_labs_TDDWorkshop] INFO  o.eclipse.m2e.core.internal.Bundles - 	Entry: C:\Users\ramisant\.p2\pool\plugins\org.apache.commons.cli_1.9.0.jar
2025-05-05 20:43:34,964 [Worker-15: Launching Executing test in C__Training_CNCF_Training_junit_labs_TDDWorkshop] INFO  o.eclipse.m2e.core.internal.Bundles - getClasspathEntries(Bundle=org.apache.commons.commons-codec_1.16.0 [78])
2025-05-05 20:43:34,964 [Worker-15: Launching Executing test in C__Training_CNCF_Training_junit_labs_TDDWorkshop] INFO  o.eclipse.m2e.core.internal.Bundles - 	Entry: C:\Users\ramisant\.p2\pool\plugins\org.apache.commons.commons-codec_1.16.0.jar
2025-05-05 20:43:34,964 [Worker-15: Launching Executing test in C__Training_CNCF_Training_junit_labs_TDDWorkshop] INFO  o.eclipse.m2e.core.internal.Bundles - getClasspathEntries(Bundle=com.google.guava.failureaccess_1.0.2 [17])
2025-05-05 20:43:34,965 [Worker-15: Launching Executing test in C__Training_CNCF_Training_junit_labs_TDDWorkshop] INFO  o.eclipse.m2e.core.internal.Bundles - 	Entry: C:\Users\ramisant\.p2\pool\plugins\com.google.guava.failureaccess_1.0.2.jar
2025-05-05 20:43:34,972 [Worker-15: Launching Executing test in C__Training_CNCF_Training_junit_labs_TDDWorkshop] INFO  o.e.m.i.launch.MavenLaunchDelegate - Run build in "C:\Training\CNCF_Training\junit_labs\TDDWorkshop":
2025-05-05 20:43:34,973 [Worker-15: Launching Executing test in C__Training_CNCF_Training_junit_labs_TDDWorkshop] INFO  o.e.m.i.launch.MavenLaunchDelegate -  mvn  -B -Dstyle.color=always test
2025-05-05 20:43:52,368 [Worker-40: Building] INFO  o.a.m.s.f.DefaultMavenResourcesFiltering - skip non existing resourceDirectory C:\Training\CNCF_Training\junit_labs\TDDWorkshop\src\main\resources
2025-05-05 20:43:52,375 [Worker-40: Building] INFO  o.a.m.s.f.DefaultMavenResourcesFiltering - skip non existing resourceDirectory C:\Training\CNCF_Training\junit_labs\TDDWorkshop\src\test\resources
2025-05-05 20:43:56,532 [Worker-2: Launching Executing test in C__Training_CNCF_Training_junit_labs_TDDWorkshop] INFO  o.eclipse.m2e.core.internal.Bundles - getClasspathEntries(Bundle=org.eclipse.m2e.maven.runtime_3.9.900.20240824-1409 [638])
2025-05-05 20:43:56,533 [Worker-2: Launching Executing test in C__Training_CNCF_Training_junit_labs_TDDWorkshop] INFO  o.eclipse.m2e.core.internal.Bundles - 	Entry: C:\Users\ramisant\.p2\pool\plugins\org.eclipse.m2e.maven.runtime_3.9.900.20240824-1409
2025-05-05 20:43:56,533 [Worker-2: Launching Executing test in C__Training_CNCF_Training_junit_labs_TDDWorkshop] INFO  o.eclipse.m2e.core.internal.Bundles - 	Entry: C:\Users\ramisant\.p2\pool\plugins\org.eclipse.m2e.maven.runtime_3.9.900.20240824-1409\jars\aopalliance-1.0.jar
2025-05-05 20:43:56,533 [Worker-2: Launching Executing test in C__Training_CNCF_Training_junit_labs_TDDWorkshop] INFO  o.eclipse.m2e.core.internal.Bundles - 	Entry: C:\Users\ramisant\.p2\pool\plugins\org.eclipse.m2e.maven.runtime_3.9.900.20240824-1409\jars\guice-5.1.0.jar
2025-05-05 20:43:56,533 [Worker-2: Launching Executing test in C__Training_CNCF_Training_junit_labs_TDDWorkshop] INFO  o.eclipse.m2e.core.internal.Bundles - 	Entry: C:\Users\ramisant\.p2\pool\plugins\org.eclipse.m2e.maven.runtime_3.9.900.20240824-1409\jars\httpclient-4.5.14.jar
2025-05-05 20:43:56,534 [Worker-2: Launching Executing test in C__Training_CNCF_Training_junit_labs_TDDWorkshop] INFO  o.eclipse.m2e.core.internal.Bundles - 	Entry: C:\Users\ramisant\.p2\pool\plugins\org.eclipse.m2e.maven.runtime_3.9.900.20240824-1409\jars\httpcore-4.4.16.jar
2025-05-05 20:43:56,534 [Worker-2: Launching Executing test in C__Training_CNCF_Training_junit_labs_TDDWorkshop] INFO  o.eclipse.m2e.core.internal.Bundles - 	Entry: C:\Users\ramisant\.p2\pool\plugins\org.eclipse.m2e.maven.runtime_3.9.900.20240824-1409\jars\jansi-2.4.1.jar
2025-05-05 20:43:56,534 [Worker-2: Launching Executing test in C__Training_CNCF_Training_junit_labs_TDDWorkshop] INFO  o.eclipse.m2e.core.internal.Bundles - 	Entry: C:\Users\ramisant\.p2\pool\plugins\org.eclipse.m2e.maven.runtime_3.9.900.20240824-1409\jars\jcl-over-slf4j-1.7.36.jar
2025-05-05 20:43:56,534 [Worker-2: Launching Executing test in C__Training_CNCF_Training_junit_labs_TDDWorkshop] INFO  o.eclipse.m2e.core.internal.Bundles - 	Entry: C:\Users\ramisant\.p2\pool\plugins\org.eclipse.m2e.maven.runtime_3.9.900.20240824-1409\jars\maven-artifact-3.9.9.jar
2025-05-05 20:43:56,534 [Worker-2: Launching Executing test in C__Training_CNCF_Training_junit_labs_TDDWorkshop] INFO  o.eclipse.m2e.core.internal.Bundles - 	Entry: C:\Users\ramisant\.p2\pool\plugins\org.eclipse.m2e.maven.runtime_3.9.900.20240824-1409\jars\maven-builder-support-3.9.9.jar
2025-05-05 20:43:56,534 [Worker-2: Launching Executing test in C__Training_CNCF_Training_junit_labs_TDDWorkshop] INFO  o.eclipse.m2e.core.internal.Bundles - 	Entry: C:\Users\ramisant\.p2\pool\plugins\org.eclipse.m2e.maven.runtime_3.9.900.20240824-1409\jars\maven-compat-3.9.9.jar
2025-05-05 20:43:56,534 [Worker-2: Launching Executing test in C__Training_CNCF_Training_junit_labs_TDDWorkshop] INFO  o.eclipse.m2e.core.internal.Bundles - 	Entry: C:\Users\ramisant\.p2\pool\plugins\org.eclipse.m2e.maven.runtime_3.9.900.20240824-1409\jars\maven-core-3.9.9.jar
2025-05-05 20:43:56,536 [Worker-2: Launching Executing test in C__Training_CNCF_Training_junit_labs_TDDWorkshop] INFO  o.eclipse.m2e.core.internal.Bundles - 	Entry: C:\Users\ramisant\.p2\pool\plugins\org.eclipse.m2e.maven.runtime_3.9.900.20240824-1409\jars\maven-embedder-3.9.9.jar
2025-05-05 20:43:56,536 [Worker-2: Launching Executing test in C__Training_CNCF_Training_junit_labs_TDDWorkshop] INFO  o.eclipse.m2e.core.internal.Bundles - 	Entry: C:\Users\ramisant\.p2\pool\plugins\org.eclipse.m2e.maven.runtime_3.9.900.20240824-1409\jars\maven-model-3.9.9.jar
2025-05-05 20:43:56,537 [Worker-2: Launching Executing test in C__Training_CNCF_Training_junit_labs_TDDWorkshop] INFO  o.eclipse.m2e.core.internal.Bundles - 	Entry: C:\Users\ramisant\.p2\pool\plugins\org.eclipse.m2e.maven.runtime_3.9.900.20240824-1409\jars\maven-model-builder-3.9.9.jar
2025-05-05 20:43:56,537 [Worker-2: Launching Executing test in C__Training_CNCF_Training_junit_labs_TDDWorkshop] INFO  o.eclipse.m2e.core.internal.Bundles - 	Entry: C:\Users\ramisant\.p2\pool\plugins\org.eclipse.m2e.maven.runtime_3.9.900.20240824-1409\jars\maven-plugin-api-3.9.9.jar
2025-05-05 20:43:56,537 [Worker-2: Launching Executing test in C__Training_CNCF_Training_junit_labs_TDDWorkshop] INFO  o.eclipse.m2e.core.internal.Bundles - 	Entry: C:\Users\ramisant\.p2\pool\plugins\org.eclipse.m2e.maven.runtime_3.9.900.20240824-1409\jars\maven-repository-metadata-3.9.9.jar
2025-05-05 20:43:56,538 [Worker-2: Launching Executing test in C__Training_CNCF_Training_junit_labs_TDDWorkshop] INFO  o.eclipse.m2e.core.internal.Bundles - 	Entry: C:\Users\ramisant\.p2\pool\plugins\org.eclipse.m2e.maven.runtime_3.9.900.20240824-1409\jars\maven-resolver-api-1.9.22.jar
2025-05-05 20:43:56,538 [Worker-2: Launching Executing test in C__Training_CNCF_Training_junit_labs_TDDWorkshop] INFO  o.eclipse.m2e.core.internal.Bundles - 	Entry: C:\Users\ramisant\.p2\pool\plugins\org.eclipse.m2e.maven.runtime_3.9.900.20240824-1409\jars\maven-resolver-connector-basic-1.9.22.jar
2025-05-05 20:43:56,538 [Worker-2: Launching Executing test in C__Training_CNCF_Training_junit_labs_TDDWorkshop] INFO  o.eclipse.m2e.core.internal.Bundles - 	Entry: C:\Users\ramisant\.p2\pool\plugins\org.eclipse.m2e.maven.runtime_3.9.900.20240824-1409\jars\maven-resolver-impl-1.9.22.jar
2025-05-05 20:43:56,539 [Worker-2: Launching Executing test in C__Training_CNCF_Training_junit_labs_TDDWorkshop] INFO  o.eclipse.m2e.core.internal.Bundles - 	Entry: C:\Users\ramisant\.p2\pool\plugins\org.eclipse.m2e.maven.runtime_3.9.900.20240824-1409\jars\maven-resolver-named-locks-1.9.22.jar
2025-05-05 20:43:56,539 [Worker-2: Launching Executing test in C__Training_CNCF_Training_junit_labs_TDDWorkshop] INFO  o.eclipse.m2e.core.internal.Bundles - 	Entry: C:\Users\ramisant\.p2\pool\plugins\org.eclipse.m2e.maven.runtime_3.9.900.20240824-1409\jars\maven-resolver-provider-3.9.9.jar
2025-05-05 20:43:56,539 [Worker-2: Launching Executing test in C__Training_CNCF_Training_junit_labs_TDDWorkshop] INFO  o.eclipse.m2e.core.internal.Bundles - 	Entry: C:\Users\ramisant\.p2\pool\plugins\org.eclipse.m2e.maven.runtime_3.9.900.20240824-1409\jars\maven-resolver-spi-1.9.22.jar
2025-05-05 20:43:56,539 [Worker-2: Launching Executing test in C__Training_CNCF_Training_junit_labs_TDDWorkshop] INFO  o.eclipse.m2e.core.internal.Bundles - 	Entry: C:\Users\ramisant\.p2\pool\plugins\org.eclipse.m2e.maven.runtime_3.9.900.20240824-1409\jars\maven-resolver-transport-file-1.9.22.jar
2025-05-05 20:43:56,539 [Worker-2: Launching Executing test in C__Training_CNCF_Training_junit_labs_TDDWorkshop] INFO  o.eclipse.m2e.core.internal.Bundles - 	Entry: C:\Users\ramisant\.p2\pool\plugins\org.eclipse.m2e.maven.runtime_3.9.900.20240824-1409\jars\maven-resolver-transport-http-1.9.22.jar
2025-05-05 20:43:56,539 [Worker-2: Launching Executing test in C__Training_CNCF_Training_junit_labs_TDDWorkshop] INFO  o.eclipse.m2e.core.internal.Bundles - 	Entry: C:\Users\ramisant\.p2\pool\plugins\org.eclipse.m2e.maven.runtime_3.9.900.20240824-1409\jars\maven-resolver-transport-wagon-1.9.22.jar
2025-05-05 20:43:56,540 [Worker-2: Launching Executing test in C__Training_CNCF_Training_junit_labs_TDDWorkshop] INFO  o.eclipse.m2e.core.internal.Bundles - 	Entry: C:\Users\ramisant\.p2\pool\plugins\org.eclipse.m2e.maven.runtime_3.9.900.20240824-1409\jars\maven-resolver-util-1.9.22.jar
2025-05-05 20:43:56,540 [Worker-2: Launching Executing test in C__Training_CNCF_Training_junit_labs_TDDWorkshop] INFO  o.eclipse.m2e.core.internal.Bundles - 	Entry: C:\Users\ramisant\.p2\pool\plugins\org.eclipse.m2e.maven.runtime_3.9.900.20240824-1409\jars\maven-settings-3.9.9.jar
2025-05-05 20:43:56,540 [Worker-2: Launching Executing test in C__Training_CNCF_Training_junit_labs_TDDWorkshop] INFO  o.eclipse.m2e.core.internal.Bundles - 	Entry: C:\Users\ramisant\.p2\pool\plugins\org.eclipse.m2e.maven.runtime_3.9.900.20240824-1409\jars\maven-settings-builder-3.9.9.jar
2025-05-05 20:43:56,540 [Worker-2: Launching Executing test in C__Training_CNCF_Training_junit_labs_TDDWorkshop] INFO  o.eclipse.m2e.core.internal.Bundles - 	Entry: C:\Users\ramisant\.p2\pool\plugins\org.eclipse.m2e.maven.runtime_3.9.900.20240824-1409\jars\maven-shared-utils-3.4.2.jar
2025-05-05 20:43:56,540 [Worker-2: Launching Executing test in C__Training_CNCF_Training_junit_labs_TDDWorkshop] INFO  o.eclipse.m2e.core.internal.Bundles - 	Entry: C:\Users\ramisant\.p2\pool\plugins\org.eclipse.m2e.maven.runtime_3.9.900.20240824-1409\jars\org.eclipse.sisu.inject-0.9.0.M3.jar
2025-05-05 20:43:56,540 [Worker-2: Launching Executing test in C__Training_CNCF_Training_junit_labs_TDDWorkshop] INFO  o.eclipse.m2e.core.internal.Bundles - 	Entry: C:\Users\ramisant\.p2\pool\plugins\org.eclipse.m2e.maven.runtime_3.9.900.20240824-1409\jars\org.eclipse.sisu.plexus-0.9.0.M3.jar
2025-05-05 20:43:56,541 [Worker-2: Launching Executing test in C__Training_CNCF_Training_junit_labs_TDDWorkshop] INFO  o.eclipse.m2e.core.internal.Bundles - 	Entry: C:\Users\ramisant\.p2\pool\plugins\org.eclipse.m2e.maven.runtime_3.9.900.20240824-1409\jars\plexus-build-api-0.0.7.jar
2025-05-05 20:43:56,541 [Worker-2: Launching Executing test in C__Training_CNCF_Training_junit_labs_TDDWorkshop] INFO  o.eclipse.m2e.core.internal.Bundles - 	Entry: C:\Users\ramisant\.p2\pool\plugins\org.eclipse.m2e.maven.runtime_3.9.900.20240824-1409\jars\plexus-build-api-1.2.0.jar
2025-05-05 20:43:56,541 [Worker-2: Launching Executing test in C__Training_CNCF_Training_junit_labs_TDDWorkshop] INFO  o.eclipse.m2e.core.internal.Bundles - 	Entry: C:\Users\ramisant\.p2\pool\plugins\org.eclipse.m2e.maven.runtime_3.9.900.20240824-1409\jars\plexus-cipher-2.0.jar
2025-05-05 20:43:56,541 [Worker-2: Launching Executing test in C__Training_CNCF_Training_junit_labs_TDDWorkshop] INFO  o.eclipse.m2e.core.internal.Bundles - 	Entry: C:\Users\ramisant\.p2\pool\plugins\org.eclipse.m2e.maven.runtime_3.9.900.20240824-1409\jars\plexus-classworlds-2.8.0.jar
2025-05-05 20:43:56,541 [Worker-2: Launching Executing test in C__Training_CNCF_Training_junit_labs_TDDWorkshop] INFO  o.eclipse.m2e.core.internal.Bundles - 	Entry: C:\Users\ramisant\.p2\pool\plugins\org.eclipse.m2e.maven.runtime_3.9.900.20240824-1409\jars\plexus-component-annotations-2.1.0.jar
2025-05-05 20:43:56,541 [Worker-2: Launching Executing test in C__Training_CNCF_Training_junit_labs_TDDWorkshop] INFO  o.eclipse.m2e.core.internal.Bundles - 	Entry: C:\Users\ramisant\.p2\pool\plugins\org.eclipse.m2e.maven.runtime_3.9.900.20240824-1409\jars\plexus-interpolation-1.27.jar
2025-05-05 20:43:56,541 [Worker-2: Launching Executing test in C__Training_CNCF_Training_junit_labs_TDDWorkshop] INFO  o.eclipse.m2e.core.internal.Bundles - 	Entry: C:\Users\ramisant\.p2\pool\plugins\org.eclipse.m2e.maven.runtime_3.9.900.20240824-1409\jars\plexus-sec-dispatcher-2.0.jar
2025-05-05 20:43:56,542 [Worker-2: Launching Executing test in C__Training_CNCF_Training_junit_labs_TDDWorkshop] INFO  o.eclipse.m2e.core.internal.Bundles - 	Entry: C:\Users\ramisant\.p2\pool\plugins\org.eclipse.m2e.maven.runtime_3.9.900.20240824-1409\jars\plexus-utils-3.5.1.jar
2025-05-05 20:43:56,542 [Worker-2: Launching Executing test in C__Training_CNCF_Training_junit_labs_TDDWorkshop] INFO  o.eclipse.m2e.core.internal.Bundles - 	Entry: C:\Users\ramisant\.p2\pool\plugins\org.eclipse.m2e.maven.runtime_3.9.900.20240824-1409\jars\plexus-xml-3.0.1.jar
2025-05-05 20:43:56,542 [Worker-2: Launching Executing test in C__Training_CNCF_Training_junit_labs_TDDWorkshop] INFO  o.eclipse.m2e.core.internal.Bundles - 	Entry: C:\Users\ramisant\.p2\pool\plugins\org.eclipse.m2e.maven.runtime_3.9.900.20240824-1409\jars\wagon-file-3.5.3.jar
2025-05-05 20:43:56,542 [Worker-2: Launching Executing test in C__Training_CNCF_Training_junit_labs_TDDWorkshop] INFO  o.eclipse.m2e.core.internal.Bundles - 	Entry: C:\Users\ramisant\.p2\pool\plugins\org.eclipse.m2e.maven.runtime_3.9.900.20240824-1409\jars\wagon-http-3.5.3.jar
2025-05-05 20:43:56,542 [Worker-2: Launching Executing test in C__Training_CNCF_Training_junit_labs_TDDWorkshop] INFO  o.eclipse.m2e.core.internal.Bundles - 	Entry: C:\Users\ramisant\.p2\pool\plugins\org.eclipse.m2e.maven.runtime_3.9.900.20240824-1409\jars\wagon-http-shared-3.5.3.jar
2025-05-05 20:43:56,542 [Worker-2: Launching Executing test in C__Training_CNCF_Training_junit_labs_TDDWorkshop] INFO  o.eclipse.m2e.core.internal.Bundles - 	Entry: C:\Users\ramisant\.p2\pool\plugins\org.eclipse.m2e.maven.runtime_3.9.900.20240824-1409\jars\wagon-provider-api-3.5.3.jar
2025-05-05 20:43:56,542 [Worker-2: Launching Executing test in C__Training_CNCF_Training_junit_labs_TDDWorkshop] INFO  o.eclipse.m2e.core.internal.Bundles - getClasspathEntries(Bundle=com.google.guava_33.3.1.jre [16])
2025-05-05 20:43:56,544 [Worker-2: Launching Executing test in C__Training_CNCF_Training_junit_labs_TDDWorkshop] INFO  o.eclipse.m2e.core.internal.Bundles - 	Entry: C:\Users\ramisant\.p2\pool\plugins\com.google.guava_33.3.1.jre.jar
2025-05-05 20:43:56,544 [Worker-2: Launching Executing test in C__Training_CNCF_Training_junit_labs_TDDWorkshop] INFO  o.eclipse.m2e.core.internal.Bundles - getClasspathEntries(Bundle=slf4j.api_2.0.16 [1005])
2025-05-05 20:43:56,544 [Worker-2: Launching Executing test in C__Training_CNCF_Training_junit_labs_TDDWorkshop] INFO  o.eclipse.m2e.core.internal.Bundles - 	Entry: C:\Users\ramisant\.p2\pool\plugins\slf4j.api_2.0.16.jar
2025-05-05 20:43:56,544 [Worker-2: Launching Executing test in C__Training_CNCF_Training_junit_labs_TDDWorkshop] INFO  o.eclipse.m2e.core.internal.Bundles - getClasspathEntries(Bundle=jakarta.inject.jakarta.inject-api_1.0.5 [34])
2025-05-05 20:43:56,544 [Worker-2: Launching Executing test in C__Training_CNCF_Training_junit_labs_TDDWorkshop] INFO  o.eclipse.m2e.core.internal.Bundles - 	Entry: C:\Users\ramisant\.p2\pool\plugins\jakarta.inject.jakarta.inject-api_1.0.5.jar
2025-05-05 20:43:56,544 [Worker-2: Launching Executing test in C__Training_CNCF_Training_junit_labs_TDDWorkshop] INFO  o.eclipse.m2e.core.internal.Bundles - getClasspathEntries(Bundle=jakarta.annotation-api_1.3.5 [29])
2025-05-05 20:43:56,545 [Worker-2: Launching Executing test in C__Training_CNCF_Training_junit_labs_TDDWorkshop] INFO  o.eclipse.m2e.core.internal.Bundles - 	Entry: C:\Users\ramisant\.p2\pool\plugins\jakarta.annotation-api_1.3.5.jar
2025-05-05 20:43:56,545 [Worker-2: Launching Executing test in C__Training_CNCF_Training_junit_labs_TDDWorkshop] INFO  o.eclipse.m2e.core.internal.Bundles - getClasspathEntries(Bundle=org.apache.commons.cli_1.9.0 [75])
2025-05-05 20:43:56,545 [Worker-2: Launching Executing test in C__Training_CNCF_Training_junit_labs_TDDWorkshop] INFO  o.eclipse.m2e.core.internal.Bundles - 	Entry: C:\Users\ramisant\.p2\pool\plugins\org.apache.commons.cli_1.9.0.jar
2025-05-05 20:43:56,545 [Worker-2: Launching Executing test in C__Training_CNCF_Training_junit_labs_TDDWorkshop] INFO  o.eclipse.m2e.core.internal.Bundles - getClasspathEntries(Bundle=org.apache.commons.commons-codec_1.16.0 [78])
2025-05-05 20:43:56,546 [Worker-2: Launching Executing test in C__Training_CNCF_Training_junit_labs_TDDWorkshop] INFO  o.eclipse.m2e.core.internal.Bundles - 	Entry: C:\Users\ramisant\.p2\pool\plugins\org.apache.commons.commons-codec_1.16.0.jar
2025-05-05 20:43:56,546 [Worker-2: Launching Executing test in C__Training_CNCF_Training_junit_labs_TDDWorkshop] INFO  o.eclipse.m2e.core.internal.Bundles - getClasspathEntries(Bundle=com.google.guava.failureaccess_1.0.2 [17])
2025-05-05 20:43:56,546 [Worker-2: Launching Executing test in C__Training_CNCF_Training_junit_labs_TDDWorkshop] INFO  o.eclipse.m2e.core.internal.Bundles - 	Entry: C:\Users\ramisant\.p2\pool\plugins\com.google.guava.failureaccess_1.0.2.jar
2025-05-05 20:43:56,549 [Worker-2: Launching Executing test in C__Training_CNCF_Training_junit_labs_TDDWorkshop] INFO  o.e.m.i.launch.MavenLaunchDelegate - Run build in "C:\Training\CNCF_Training\junit_labs\TDDWorkshop":
2025-05-05 20:43:56,550 [Worker-2: Launching Executing test in C__Training_CNCF_Training_junit_labs_TDDWorkshop] INFO  o.e.m.i.launch.MavenLaunchDelegate -  mvn  -B -Dstyle.color=always test
2025-05-05 20:45:35,128 [Worker-43: Building] INFO  o.a.m.s.f.DefaultMavenResourcesFiltering - skip non existing resourceDirectory C:\Training\CNCF_Training\junit_labs\TDDWorkshop\src\main\resources
2025-05-05 20:45:35,131 [Worker-43: Building] INFO  o.a.m.s.f.DefaultMavenResourcesFiltering - skip non existing resourceDirectory C:\Training\CNCF_Training\junit_labs\TDDWorkshop\src\test\resources
2025-05-05 20:45:39,544 [Worker-40: Building] INFO  o.a.m.s.f.DefaultMavenResourcesFiltering - skip non existing resourceDirectory C:\Training\CNCF_Training\junit_labs\TDDWorkshop\src\main\resources
2025-05-05 20:45:39,547 [Worker-40: Building] INFO  o.a.m.s.f.DefaultMavenResourcesFiltering - skip non existing resourceDirectory C:\Training\CNCF_Training\junit_labs\TDDWorkshop\src\test\resources
2025-05-05 20:45:44,701 [Worker-4: Launching Executing test in C__Training_CNCF_Training_junit_labs_TDDWorkshop] INFO  o.eclipse.m2e.core.internal.Bundles - getClasspathEntries(Bundle=org.eclipse.m2e.maven.runtime_3.9.900.20240824-1409 [638])
2025-05-05 20:45:44,701 [Worker-4: Launching Executing test in C__Training_CNCF_Training_junit_labs_TDDWorkshop] INFO  o.eclipse.m2e.core.internal.Bundles - 	Entry: C:\Users\ramisant\.p2\pool\plugins\org.eclipse.m2e.maven.runtime_3.9.900.20240824-1409
2025-05-05 20:45:44,701 [Worker-4: Launching Executing test in C__Training_CNCF_Training_junit_labs_TDDWorkshop] INFO  o.eclipse.m2e.core.internal.Bundles - 	Entry: C:\Users\ramisant\.p2\pool\plugins\org.eclipse.m2e.maven.runtime_3.9.900.20240824-1409\jars\aopalliance-1.0.jar
2025-05-05 20:45:44,701 [Worker-4: Launching Executing test in C__Training_CNCF_Training_junit_labs_TDDWorkshop] INFO  o.eclipse.m2e.core.internal.Bundles - 	Entry: C:\Users\ramisant\.p2\pool\plugins\org.eclipse.m2e.maven.runtime_3.9.900.20240824-1409\jars\guice-5.1.0.jar
2025-05-05 20:45:44,701 [Worker-4: Launching Executing test in C__Training_CNCF_Training_junit_labs_TDDWorkshop] INFO  o.eclipse.m2e.core.internal.Bundles - 	Entry: C:\Users\ramisant\.p2\pool\plugins\org.eclipse.m2e.maven.runtime_3.9.900.20240824-1409\jars\httpclient-4.5.14.jar
2025-05-05 20:45:44,701 [Worker-4: Launching Executing test in C__Training_CNCF_Training_junit_labs_TDDWorkshop] INFO  o.eclipse.m2e.core.internal.Bundles - 	Entry: C:\Users\ramisant\.p2\pool\plugins\org.eclipse.m2e.maven.runtime_3.9.900.20240824-1409\jars\httpcore-4.4.16.jar
2025-05-05 20:45:44,701 [Worker-4: Launching Executing test in C__Training_CNCF_Training_junit_labs_TDDWorkshop] INFO  o.eclipse.m2e.core.internal.Bundles - 	Entry: C:\Users\ramisant\.p2\pool\plugins\org.eclipse.m2e.maven.runtime_3.9.900.20240824-1409\jars\jansi-2.4.1.jar
2025-05-05 20:45:44,702 [Worker-4: Launching Executing test in C__Training_CNCF_Training_junit_labs_TDDWorkshop] INFO  o.eclipse.m2e.core.internal.Bundles - 	Entry: C:\Users\ramisant\.p2\pool\plugins\org.eclipse.m2e.maven.runtime_3.9.900.20240824-1409\jars\jcl-over-slf4j-1.7.36.jar
2025-05-05 20:45:44,702 [Worker-4: Launching Executing test in C__Training_CNCF_Training_junit_labs_TDDWorkshop] INFO  o.eclipse.m2e.core.internal.Bundles - 	Entry: C:\Users\ramisant\.p2\pool\plugins\org.eclipse.m2e.maven.runtime_3.9.900.20240824-1409\jars\maven-artifact-3.9.9.jar
2025-05-05 20:45:44,702 [Worker-4: Launching Executing test in C__Training_CNCF_Training_junit_labs_TDDWorkshop] INFO  o.eclipse.m2e.core.internal.Bundles - 	Entry: C:\Users\ramisant\.p2\pool\plugins\org.eclipse.m2e.maven.runtime_3.9.900.20240824-1409\jars\maven-builder-support-3.9.9.jar
2025-05-05 20:45:44,702 [Worker-4: Launching Executing test in C__Training_CNCF_Training_junit_labs_TDDWorkshop] INFO  o.eclipse.m2e.core.internal.Bundles - 	Entry: C:\Users\ramisant\.p2\pool\plugins\org.eclipse.m2e.maven.runtime_3.9.900.20240824-1409\jars\maven-compat-3.9.9.jar
2025-05-05 20:45:44,702 [Worker-4: Launching Executing test in C__Training_CNCF_Training_junit_labs_TDDWorkshop] INFO  o.eclipse.m2e.core.internal.Bundles - 	Entry: C:\Users\ramisant\.p2\pool\plugins\org.eclipse.m2e.maven.runtime_3.9.900.20240824-1409\jars\maven-core-3.9.9.jar
2025-05-05 20:45:44,702 [Worker-4: Launching Executing test in C__Training_CNCF_Training_junit_labs_TDDWorkshop] INFO  o.eclipse.m2e.core.internal.Bundles - 	Entry: C:\Users\ramisant\.p2\pool\plugins\org.eclipse.m2e.maven.runtime_3.9.900.20240824-1409\jars\maven-embedder-3.9.9.jar
2025-05-05 20:45:44,702 [Worker-4: Launching Executing test in C__Training_CNCF_Training_junit_labs_TDDWorkshop] INFO  o.eclipse.m2e.core.internal.Bundles - 	Entry: C:\Users\ramisant\.p2\pool\plugins\org.eclipse.m2e.maven.runtime_3.9.900.20240824-1409\jars\maven-model-3.9.9.jar
2025-05-05 20:45:44,702 [Worker-4: Launching Executing test in C__Training_CNCF_Training_junit_labs_TDDWorkshop] INFO  o.eclipse.m2e.core.internal.Bundles - 	Entry: C:\Users\ramisant\.p2\pool\plugins\org.eclipse.m2e.maven.runtime_3.9.900.20240824-1409\jars\maven-model-builder-3.9.9.jar
2025-05-05 20:45:44,702 [Worker-4: Launching Executing test in C__Training_CNCF_Training_junit_labs_TDDWorkshop] INFO  o.eclipse.m2e.core.internal.Bundles - 	Entry: C:\Users\ramisant\.p2\pool\plugins\org.eclipse.m2e.maven.runtime_3.9.900.20240824-1409\jars\maven-plugin-api-3.9.9.jar
2025-05-05 20:45:44,702 [Worker-4: Launching Executing test in C__Training_CNCF_Training_junit_labs_TDDWorkshop] INFO  o.eclipse.m2e.core.internal.Bundles - 	Entry: C:\Users\ramisant\.p2\pool\plugins\org.eclipse.m2e.maven.runtime_3.9.900.20240824-1409\jars\maven-repository-metadata-3.9.9.jar
2025-05-05 20:45:44,704 [Worker-4: Launching Executing test in C__Training_CNCF_Training_junit_labs_TDDWorkshop] INFO  o.eclipse.m2e.core.internal.Bundles - 	Entry: C:\Users\ramisant\.p2\pool\plugins\org.eclipse.m2e.maven.runtime_3.9.900.20240824-1409\jars\maven-resolver-api-1.9.22.jar
2025-05-05 20:45:44,704 [Worker-4: Launching Executing test in C__Training_CNCF_Training_junit_labs_TDDWorkshop] INFO  o.eclipse.m2e.core.internal.Bundles - 	Entry: C:\Users\ramisant\.p2\pool\plugins\org.eclipse.m2e.maven.runtime_3.9.900.20240824-1409\jars\maven-resolver-connector-basic-1.9.22.jar
2025-05-05 20:45:44,704 [Worker-4: Launching Executing test in C__Training_CNCF_Training_junit_labs_TDDWorkshop] INFO  o.eclipse.m2e.core.internal.Bundles - 	Entry: C:\Users\ramisant\.p2\pool\plugins\org.eclipse.m2e.maven.runtime_3.9.900.20240824-1409\jars\maven-resolver-impl-1.9.22.jar
2025-05-05 20:45:44,704 [Worker-4: Launching Executing test in C__Training_CNCF_Training_junit_labs_TDDWorkshop] INFO  o.eclipse.m2e.core.internal.Bundles - 	Entry: C:\Users\ramisant\.p2\pool\plugins\org.eclipse.m2e.maven.runtime_3.9.900.20240824-1409\jars\maven-resolver-named-locks-1.9.22.jar
2025-05-05 20:45:44,704 [Worker-4: Launching Executing test in C__Training_CNCF_Training_junit_labs_TDDWorkshop] INFO  o.eclipse.m2e.core.internal.Bundles - 	Entry: C:\Users\ramisant\.p2\pool\plugins\org.eclipse.m2e.maven.runtime_3.9.900.20240824-1409\jars\maven-resolver-provider-3.9.9.jar
2025-05-05 20:45:44,704 [Worker-4: Launching Executing test in C__Training_CNCF_Training_junit_labs_TDDWorkshop] INFO  o.eclipse.m2e.core.internal.Bundles - 	Entry: C:\Users\ramisant\.p2\pool\plugins\org.eclipse.m2e.maven.runtime_3.9.900.20240824-1409\jars\maven-resolver-spi-1.9.22.jar
2025-05-05 20:45:44,704 [Worker-4: Launching Executing test in C__Training_CNCF_Training_junit_labs_TDDWorkshop] INFO  o.eclipse.m2e.core.internal.Bundles - 	Entry: C:\Users\ramisant\.p2\pool\plugins\org.eclipse.m2e.maven.runtime_3.9.900.20240824-1409\jars\maven-resolver-transport-file-1.9.22.jar
2025-05-05 20:45:44,704 [Worker-4: Launching Executing test in C__Training_CNCF_Training_junit_labs_TDDWorkshop] INFO  o.eclipse.m2e.core.internal.Bundles - 	Entry: C:\Users\ramisant\.p2\pool\plugins\org.eclipse.m2e.maven.runtime_3.9.900.20240824-1409\jars\maven-resolver-transport-http-1.9.22.jar
2025-05-05 20:45:44,704 [Worker-4: Launching Executing test in C__Training_CNCF_Training_junit_labs_TDDWorkshop] INFO  o.eclipse.m2e.core.internal.Bundles - 	Entry: C:\Users\ramisant\.p2\pool\plugins\org.eclipse.m2e.maven.runtime_3.9.900.20240824-1409\jars\maven-resolver-transport-wagon-1.9.22.jar
2025-05-05 20:45:44,704 [Worker-4: Launching Executing test in C__Training_CNCF_Training_junit_labs_TDDWorkshop] INFO  o.eclipse.m2e.core.internal.Bundles - 	Entry: C:\Users\ramisant\.p2\pool\plugins\org.eclipse.m2e.maven.runtime_3.9.900.20240824-1409\jars\maven-resolver-util-1.9.22.jar
2025-05-05 20:45:44,704 [Worker-4: Launching Executing test in C__Training_CNCF_Training_junit_labs_TDDWorkshop] INFO  o.eclipse.m2e.core.internal.Bundles - 	Entry: C:\Users\ramisant\.p2\pool\plugins\org.eclipse.m2e.maven.runtime_3.9.900.20240824-1409\jars\maven-settings-3.9.9.jar
2025-05-05 20:45:44,704 [Worker-4: Launching Executing test in C__Training_CNCF_Training_junit_labs_TDDWorkshop] INFO  o.eclipse.m2e.core.internal.Bundles - 	Entry: C:\Users\ramisant\.p2\pool\plugins\org.eclipse.m2e.maven.runtime_3.9.900.20240824-1409\jars\maven-settings-builder-3.9.9.jar
2025-05-05 20:45:44,704 [Worker-4: Launching Executing test in C__Training_CNCF_Training_junit_labs_TDDWorkshop] INFO  o.eclipse.m2e.core.internal.Bundles - 	Entry: C:\Users\ramisant\.p2\pool\plugins\org.eclipse.m2e.maven.runtime_3.9.900.20240824-1409\jars\maven-shared-utils-3.4.2.jar
2025-05-05 20:45:44,704 [Worker-4: Launching Executing test in C__Training_CNCF_Training_junit_labs_TDDWorkshop] INFO  o.eclipse.m2e.core.internal.Bundles - 	Entry: C:\Users\ramisant\.p2\pool\plugins\org.eclipse.m2e.maven.runtime_3.9.900.20240824-1409\jars\org.eclipse.sisu.inject-0.9.0.M3.jar
2025-05-05 20:45:44,705 [Worker-4: Launching Executing test in C__Training_CNCF_Training_junit_labs_TDDWorkshop] INFO  o.eclipse.m2e.core.internal.Bundles - 	Entry: C:\Users\ramisant\.p2\pool\plugins\org.eclipse.m2e.maven.runtime_3.9.900.20240824-1409\jars\org.eclipse.sisu.plexus-0.9.0.M3.jar
2025-05-05 20:45:44,705 [Worker-4: Launching Executing test in C__Training_CNCF_Training_junit_labs_TDDWorkshop] INFO  o.eclipse.m2e.core.internal.Bundles - 	Entry: C:\Users\ramisant\.p2\pool\plugins\org.eclipse.m2e.maven.runtime_3.9.900.20240824-1409\jars\plexus-build-api-0.0.7.jar
2025-05-05 20:45:44,705 [Worker-4: Launching Executing test in C__Training_CNCF_Training_junit_labs_TDDWorkshop] INFO  o.eclipse.m2e.core.internal.Bundles - 	Entry: C:\Users\ramisant\.p2\pool\plugins\org.eclipse.m2e.maven.runtime_3.9.900.20240824-1409\jars\plexus-build-api-1.2.0.jar
2025-05-05 20:45:44,705 [Worker-4: Launching Executing test in C__Training_CNCF_Training_junit_labs_TDDWorkshop] INFO  o.eclipse.m2e.core.internal.Bundles - 	Entry: C:\Users\ramisant\.p2\pool\plugins\org.eclipse.m2e.maven.runtime_3.9.900.20240824-1409\jars\plexus-cipher-2.0.jar
2025-05-05 20:45:44,705 [Worker-4: Launching Executing test in C__Training_CNCF_Training_junit_labs_TDDWorkshop] INFO  o.eclipse.m2e.core.internal.Bundles - 	Entry: C:\Users\ramisant\.p2\pool\plugins\org.eclipse.m2e.maven.runtime_3.9.900.20240824-1409\jars\plexus-classworlds-2.8.0.jar
2025-05-05 20:45:44,705 [Worker-4: Launching Executing test in C__Training_CNCF_Training_junit_labs_TDDWorkshop] INFO  o.eclipse.m2e.core.internal.Bundles - 	Entry: C:\Users\ramisant\.p2\pool\plugins\org.eclipse.m2e.maven.runtime_3.9.900.20240824-1409\jars\plexus-component-annotations-2.1.0.jar
2025-05-05 20:45:44,705 [Worker-4: Launching Executing test in C__Training_CNCF_Training_junit_labs_TDDWorkshop] INFO  o.eclipse.m2e.core.internal.Bundles - 	Entry: C:\Users\ramisant\.p2\pool\plugins\org.eclipse.m2e.maven.runtime_3.9.900.20240824-1409\jars\plexus-interpolation-1.27.jar
2025-05-05 20:45:44,705 [Worker-4: Launching Executing test in C__Training_CNCF_Training_junit_labs_TDDWorkshop] INFO  o.eclipse.m2e.core.internal.Bundles - 	Entry: C:\Users\ramisant\.p2\pool\plugins\org.eclipse.m2e.maven.runtime_3.9.900.20240824-1409\jars\plexus-sec-dispatcher-2.0.jar
2025-05-05 20:45:44,705 [Worker-4: Launching Executing test in C__Training_CNCF_Training_junit_labs_TDDWorkshop] INFO  o.eclipse.m2e.core.internal.Bundles - 	Entry: C:\Users\ramisant\.p2\pool\plugins\org.eclipse.m2e.maven.runtime_3.9.900.20240824-1409\jars\plexus-utils-3.5.1.jar
2025-05-05 20:45:44,705 [Worker-4: Launching Executing test in C__Training_CNCF_Training_junit_labs_TDDWorkshop] INFO  o.eclipse.m2e.core.internal.Bundles - 	Entry: C:\Users\ramisant\.p2\pool\plugins\org.eclipse.m2e.maven.runtime_3.9.900.20240824-1409\jars\plexus-xml-3.0.1.jar
2025-05-05 20:45:44,705 [Worker-4: Launching Executing test in C__Training_CNCF_Training_junit_labs_TDDWorkshop] INFO  o.eclipse.m2e.core.internal.Bundles - 	Entry: C:\Users\ramisant\.p2\pool\plugins\org.eclipse.m2e.maven.runtime_3.9.900.20240824-1409\jars\wagon-file-3.5.3.jar
2025-05-05 20:45:44,705 [Worker-4: Launching Executing test in C__Training_CNCF_Training_junit_labs_TDDWorkshop] INFO  o.eclipse.m2e.core.internal.Bundles - 	Entry: C:\Users\ramisant\.p2\pool\plugins\org.eclipse.m2e.maven.runtime_3.9.900.20240824-1409\jars\wagon-http-3.5.3.jar
2025-05-05 20:45:44,705 [Worker-4: Launching Executing test in C__Training_CNCF_Training_junit_labs_TDDWorkshop] INFO  o.eclipse.m2e.core.internal.Bundles - 	Entry: C:\Users\ramisant\.p2\pool\plugins\org.eclipse.m2e.maven.runtime_3.9.900.20240824-1409\jars\wagon-http-shared-3.5.3.jar
2025-05-05 20:45:44,705 [Worker-4: Launching Executing test in C__Training_CNCF_Training_junit_labs_TDDWorkshop] INFO  o.eclipse.m2e.core.internal.Bundles - 	Entry: C:\Users\ramisant\.p2\pool\plugins\org.eclipse.m2e.maven.runtime_3.9.900.20240824-1409\jars\wagon-provider-api-3.5.3.jar
2025-05-05 20:45:44,706 [Worker-4: Launching Executing test in C__Training_CNCF_Training_junit_labs_TDDWorkshop] INFO  o.eclipse.m2e.core.internal.Bundles - getClasspathEntries(Bundle=com.google.guava_33.3.1.jre [16])
2025-05-05 20:45:44,706 [Worker-4: Launching Executing test in C__Training_CNCF_Training_junit_labs_TDDWorkshop] INFO  o.eclipse.m2e.core.internal.Bundles - 	Entry: C:\Users\ramisant\.p2\pool\plugins\com.google.guava_33.3.1.jre.jar
2025-05-05 20:45:44,706 [Worker-4: Launching Executing test in C__Training_CNCF_Training_junit_labs_TDDWorkshop] INFO  o.eclipse.m2e.core.internal.Bundles - getClasspathEntries(Bundle=slf4j.api_2.0.16 [1005])
2025-05-05 20:45:44,706 [Worker-4: Launching Executing test in C__Training_CNCF_Training_junit_labs_TDDWorkshop] INFO  o.eclipse.m2e.core.internal.Bundles - 	Entry: C:\Users\ramisant\.p2\pool\plugins\slf4j.api_2.0.16.jar
2025-05-05 20:45:44,706 [Worker-4: Launching Executing test in C__Training_CNCF_Training_junit_labs_TDDWorkshop] INFO  o.eclipse.m2e.core.internal.Bundles - getClasspathEntries(Bundle=jakarta.inject.jakarta.inject-api_1.0.5 [34])
2025-05-05 20:45:44,706 [Worker-4: Launching Executing test in C__Training_CNCF_Training_junit_labs_TDDWorkshop] INFO  o.eclipse.m2e.core.internal.Bundles - 	Entry: C:\Users\ramisant\.p2\pool\plugins\jakarta.inject.jakarta.inject-api_1.0.5.jar
2025-05-05 20:45:44,706 [Worker-4: Launching Executing test in C__Training_CNCF_Training_junit_labs_TDDWorkshop] INFO  o.eclipse.m2e.core.internal.Bundles - getClasspathEntries(Bundle=jakarta.annotation-api_1.3.5 [29])
2025-05-05 20:45:44,707 [Worker-4: Launching Executing test in C__Training_CNCF_Training_junit_labs_TDDWorkshop] INFO  o.eclipse.m2e.core.internal.Bundles - 	Entry: C:\Users\ramisant\.p2\pool\plugins\jakarta.annotation-api_1.3.5.jar
2025-05-05 20:45:44,707 [Worker-4: Launching Executing test in C__Training_CNCF_Training_junit_labs_TDDWorkshop] INFO  o.eclipse.m2e.core.internal.Bundles - getClasspathEntries(Bundle=org.apache.commons.cli_1.9.0 [75])
2025-05-05 20:45:44,707 [Worker-4: Launching Executing test in C__Training_CNCF_Training_junit_labs_TDDWorkshop] INFO  o.eclipse.m2e.core.internal.Bundles - 	Entry: C:\Users\ramisant\.p2\pool\plugins\org.apache.commons.cli_1.9.0.jar
2025-05-05 20:45:44,707 [Worker-4: Launching Executing test in C__Training_CNCF_Training_junit_labs_TDDWorkshop] INFO  o.eclipse.m2e.core.internal.Bundles - getClasspathEntries(Bundle=org.apache.commons.commons-codec_1.16.0 [78])
2025-05-05 20:45:44,707 [Worker-4: Launching Executing test in C__Training_CNCF_Training_junit_labs_TDDWorkshop] INFO  o.eclipse.m2e.core.internal.Bundles - 	Entry: C:\Users\ramisant\.p2\pool\plugins\org.apache.commons.commons-codec_1.16.0.jar
2025-05-05 20:45:44,707 [Worker-4: Launching Executing test in C__Training_CNCF_Training_junit_labs_TDDWorkshop] INFO  o.eclipse.m2e.core.internal.Bundles - getClasspathEntries(Bundle=com.google.guava.failureaccess_1.0.2 [17])
2025-05-05 20:45:44,707 [Worker-4: Launching Executing test in C__Training_CNCF_Training_junit_labs_TDDWorkshop] INFO  o.eclipse.m2e.core.internal.Bundles - 	Entry: C:\Users\ramisant\.p2\pool\plugins\com.google.guava.failureaccess_1.0.2.jar
2025-05-05 20:45:44,709 [Worker-4: Launching Executing test in C__Training_CNCF_Training_junit_labs_TDDWorkshop] INFO  o.e.m.i.launch.MavenLaunchDelegate - Run build in "C:\Training\CNCF_Training\junit_labs\TDDWorkshop":
2025-05-05 20:45:44,709 [Worker-4: Launching Executing test in C__Training_CNCF_Training_junit_labs_TDDWorkshop] INFO  o.e.m.i.launch.MavenLaunchDelegate -  mvn  -B -Dstyle.color=always test
2025-05-05 21:26:45,434 [Worker-52: Compute Mappings for project TDDWorkshop] INFO  o.e.m.c.i.l.LifecycleMappingFactory - Using org.eclipse.m2e.jdt.JarLifecycleMapping lifecycle mapping for MavenProject: com.oracle.training.dayone:TDDWorkshop:0.0.1-SNAPSHOT @ C:\Training\CNCF_Training\junit_labs\TDDWorkshop\pom.xml.
2025-05-05 21:45:01,681 [Worker-56: Building] INFO  o.a.m.s.f.DefaultMavenResourcesFiltering - skip non existing resourceDirectory C:\Training\CNCF_Training\junit_labs\TDDWorkshop\src\main\resources
2025-05-05 21:45:01,684 [Worker-56: Building] INFO  o.a.m.s.f.DefaultMavenResourcesFiltering - skip non existing resourceDirectory C:\Training\CNCF_Training\junit_labs\TDDWorkshop\src\test\resources
